# JRE version: Java(TM) SE Runtime Environment (8.0_161-b12) (build 1.8.0_161-b12)
# Java VM: Java HotSpot(TM) 64-Bit Server VM (25.161-b12 mixed mode bsd-amd64 compressed oops)
Heap:
 PSYoungGen      total 94720K, used 25744K [0x000000076ab00000, 0x0000000772600000, 0x00000007c0000000)
  eden space 84992K, 19% used [0x000000076ab00000,0x000000076bad04c8,0x000000076fe00000)
  from space 9728K, 98% used [0x0000000771c80000,0x00000007725d3e48,0x0000000772600000)
  to   space 14848K, 0% used [0x0000000770900000,0x0000000770900000,0x0000000771780000)
 ParOldGen       total 122368K, used 15786K [0x00000006c0000000, 0x00000006c7780000, 0x000000076ab00000)
  object space 122368K, 12% used [0x00000006c0000000,0x00000006c0f6aa60,0x00000006c7780000)
 Metaspace       used 24504K, capacity 24877K, committed 25216K, reserved 1071104K
  class space    used 2453K, capacity 2593K, committed 2688K, reserved 1048576K
GC Heap History (10 events):
Event: 37.342 GC heap before
{Heap before GC invocations=5 (full 1):
 PSYoungGen      total 76288K, used 76286K [0x000000076ab00000, 0x0000000771780000, 0x00000007c0000000)
  eden space 65536K, 100% used [0x000000076ab00000,0x000000076eb00000,0x000000076eb00000)
  from space 10752K, 99% used [0x000000076eb00000,0x000000076f57f9e0,0x000000076f580000)
  to   space 10752K, 0% used [0x0000000770d00000,0x0000000770d00000,0x0000000771780000)
 ParOldGen       total 122368K, used 14474K [0x00000006c0000000, 0x00000006c7780000, 0x000000076ab00000)
  object space 122368K, 11% used [0x00000006c0000000,0x00000006c0e22a10,0x00000006c7780000)
 Metaspace       used 24443K, capacity 24873K, committed 25216K, reserved 1071104K
  class space    used 2441K, capacity 2591K, committed 2688K, reserved 1048576K
Event: 37.357 GC heap after
Heap after GC invocations=5 (full 1):
 PSYoungGen      total 97280K, used 10526K [0x000000076ab00000, 0x0000000771780000, 0x00000007c0000000)
  eden space 86528K, 0% used [0x000000076ab00000,0x000000076ab00000,0x000000076ff80000)
  from space 10752K, 97% used [0x0000000770d00000,0x00000007717479d0,0x0000000771780000)
  to   space 10752K, 0% used [0x0000000770280000,0x0000000770280000,0x0000000770d00000)
 ParOldGen       total 122368K, used 14730K [0x00000006c0000000, 0x00000006c7780000, 0x000000076ab00000)
  object space 122368K, 12% used [0x00000006c0000000,0x00000006c0e62a20,0x00000006c7780000)
 Metaspace       used 24443K, capacity 24873K, committed 25216K, reserved 1071104K
  class space    used 2441K, capacity 2591K, committed 2688K, reserved 1048576K
}
Event: 57.709 GC heap before
{Heap before GC invocations=6 (full 1):
 PSYoungGen      total 97280K, used 97054K [0x000000076ab00000, 0x0000000771780000, 0x00000007c0000000)
  eden space 86528K, 100% used [0x000000076ab00000,0x000000076ff80000,0x000000076ff80000)
  from space 10752K, 97% used [0x0000000770d00000,0x00000007717479d0,0x0000000771780000)
  to   space 10752K, 0% used [0x0000000770280000,0x0000000770280000,0x0000000770d00000)
 ParOldGen       total 122368K, used 14730K [0x00000006c0000000, 0x00000006c7780000, 0x000000076ab00000)
  object space 122368K, 12% used [0x00000006c0000000,0x00000006c0e62a20,0x00000006c7780000)
 Metaspace       used 24443K, capacity 24873K, committed 25216K, reserved 1071104K
  class space    used 2441K, capacity 2591K, committed 2688K, reserved 1048576K
Event: 57.720 GC heap after
Heap after GC invocations=6 (full 1):
 PSYoungGen      total 100352K, used 10560K [0x000000076ab00000, 0x0000000773500000, 0x00000007c0000000)
  eden space 89600K, 0% used [0x000000076ab00000,0x000000076ab00000,0x0000000770280000)
  from space 10752K, 98% used [0x0000000770280000,0x0000000770cd00b8,0x0000000770d00000)
  to   space 15872K, 0% used [0x0000000772580000,0x0000000772580000,0x0000000773500000)
 ParOldGen       total 122368K, used 14738K [0x00000006c0000000, 0x00000006c7780000, 0x000000076ab00000)
  object space 122368K, 12% used [0x00000006c0000000,0x00000006c0e64a20,0x00000006c7780000)
 Metaspace       used 24443K, capacity 24873K, committed 25216K, reserved 1071104K
  class space    used 2441K, capacity 2591K, committed 2688K, reserved 1048576K
}
Event: 81.561 GC heap before
{Heap before GC invocations=7 (full 1):
 PSYoungGen      total 100352K, used 100160K [0x000000076ab00000, 0x0000000773500000, 0x00000007c0000000)
  eden space 89600K, 100% used [0x000000076ab00000,0x0000000770280000,0x0000000770280000)
  from space 10752K, 98% used [0x0000000770280000,0x0000000770cd00b8,0x0000000770d00000)
  to   space 15872K, 0% used [0x0000000772580000,0x0000000772580000,0x0000000773500000)
 ParOldGen       total 122368K, used 14738K [0x00000006c0000000, 0x00000006c7780000, 0x000000076ab00000)
  object space 122368K, 12% used [0x00000006c0000000,0x00000006c0e64a20,0x00000006c7780000)
 Metaspace       used 24443K, capacity 24873K, committed 25216K, reserved 1071104K
  class space    used 2441K, capacity 2591K, committed 2688K, reserved 1048576K
Event: 81.575 GC heap after
Heap after GC invocations=7 (full 1):
 PSYoungGen      total 98816K, used 10527K [0x000000076ab00000, 0x0000000773000000, 0x00000007c0000000)
  eden space 88064K, 0% used [0x000000076ab00000,0x000000076ab00000,0x0000000770100000)
  from space 10752K, 97% used [0x0000000772580000,0x0000000772fc7e78,0x0000000773000000)
  to   space 15360K, 0% used [0x0000000771200000,0x0000000771200000,0x0000000772100000)
 ParOldGen       total 122368K, used 14746K [0x00000006c0000000, 0x00000006c7780000, 0x000000076ab00000)
  object space 122368K, 12% used [0x00000006c0000000,0x00000006c0e66a20,0x00000006c7780000)
 Metaspace       used 24443K, capacity 24873K, committed 25216K, reserved 1071104K
  class space    used 2441K, capacity 2591K, committed 2688K, reserved 1048576K
}
Event: 109.383 GC heap before
{Heap before GC invocations=8 (full 1):
 PSYoungGen      total 98816K, used 98591K [0x000000076ab00000, 0x0000000773000000, 0x00000007c0000000)
  eden space 88064K, 100% used [0x000000076ab00000,0x0000000770100000,0x0000000770100000)
  from space 10752K, 97% used [0x0000000772580000,0x0000000772fc7e78,0x0000000773000000)
  to   space 15360K, 0% used [0x0000000771200000,0x0000000771200000,0x0000000772100000)
 ParOldGen       total 122368K, used 14746K [0x00000006c0000000, 0x00000006c7780000, 0x000000076ab00000)
  object space 122368K, 12% used [0x00000006c0000000,0x00000006c0e66a20,0x00000006c7780000)
 Metaspace       used 24443K, capacity 24873K, committed 25216K, reserved 1071104K
  class space    used 2441K, capacity 2591K, committed 2688K, reserved 1048576K
Event: 109.395 GC heap after
Heap after GC invocations=8 (full 1):
 PSYoungGen      total 97280K, used 10528K [0x000000076ab00000, 0x0000000772600000, 0x00000007c0000000)
  eden space 86528K, 0% used [0x000000076ab00000,0x000000076ab00000,0x000000076ff80000)
  from space 10752K, 97% used [0x0000000771200000,0x0000000771c480b8,0x0000000771c80000)
  to   space 9728K, 0% used [0x0000000771c80000,0x0000000771c80000,0x0000000772600000)
 ParOldGen       total 122368K, used 14754K [0x00000006c0000000, 0x00000006c7780000, 0x000000076ab00000)
  object space 122368K, 12% used [0x00000006c0000000,0x00000006c0e68a20,0x00000006c7780000)
 Metaspace       used 24443K, capacity 24873K, committed 25216K, reserved 1071104K
  class space    used 2441K, capacity 2591K, committed 2688K, reserved 1048576K
}
Event: 138.725 GC heap before
{Heap before GC invocations=9 (full 1):
 PSYoungGen      total 97280K, used 97056K [0x000000076ab00000, 0x0000000772600000, 0x00000007c0000000)
  eden space 86528K, 100% used [0x000000076ab00000,0x000000076ff80000,0x000000076ff80000)
  from space 10752K, 97% used [0x0000000771200000,0x0000000771c480b8,0x0000000771c80000)
  to   space 9728K, 0% used [0x0000000771c80000,0x0000000771c80000,0x0000000772600000)
 ParOldGen       total 122368K, used 14754K [0x00000006c0000000, 0x00000006c7780000, 0x000000076ab00000)
  object space 122368K, 12% used [0x00000006c0000000,0x00000006c0e68a20,0x00000006c7780000)
 Metaspace       used 24443K, capacity 24873K, committed 25216K, reserved 1071104K
  class space    used 2441K, capacity 2591K, committed 2688K, reserved 1048576K
Event: 138.753 GC heap after
Heap after GC invocations=9 (full 1):
 PSYoungGen      total 94720K, used 9551K [0x000000076ab00000, 0x0000000772600000, 0x00000007c0000000)
  eden space 84992K, 0% used [0x000000076ab00000,0x000000076ab00000,0x000000076fe00000)
  from space 9728K, 98% used [0x0000000771c80000,0x00000007725d3e48,0x0000000772600000)
  to   space 14848K, 0% used [0x0000000770900000,0x0000000770900000,0x0000000771780000)
 ParOldGen       total 122368K, used 15786K [0x00000006c0000000, 0x00000006c7780000, 0x000000076ab00000)
  object space 122368K, 12% used [0x00000006c0000000,0x00000006c0f6aa60,0x00000006c7780000)
 Metaspace       used 24443K, capacity 24873K, committed 25216K, reserved 1071104K
  class space    used 2441K, capacity 2591K, committed 2688K, reserved 1048576K
}

