# JRE version: Java(TM) SE Runtime Environment (8.0_161-b12) (build 1.8.0_161-b12)
# Java VM: Java HotSpot(TM) 64-Bit Server VM (25.161-b12 mixed mode bsd-amd64 compressed oops)
Heap:
 PSYoungGen      total 56320K, used 38083K [0x000000076ab00000, 0x000000076ee00000, 0x00000007c0000000)
  eden space 46080K, 82% used [0x000000076ab00000,0x000000076d018c80,0x000000076d800000)
  from space 10240K, 0% used [0x000000076e400000,0x000000076e418000,0x000000076ee00000)
  to   space 11264K, 0% used [0x000000076d800000,0x000000076d800000,0x000000076e300000)
 ParOldGen       total 126976K, used 25340K [0x00000006c0000000, 0x00000006c7c00000, 0x000000076ab00000)
  object space 126976K, 19% used [0x00000006c0000000,0x00000006c18bf0c8,0x00000006c7c00000)
 Metaspace       used 24511K, capacity 24883K, committed 25136K, reserved 1071104K
  class space    used 2451K, capacity 2594K, committed 2608K, reserved 1048576K
GC Heap History (10 events):
Event: 302.214 GC heap before
{Heap before GC invocations=31 (full 1):
 PSYoungGen      total 49152K, used 48736K [0x000000076ab00000, 0x000000076f680000, 0x00000007c0000000)
  eden space 48640K, 100% used [0x000000076ab00000,0x000000076da80000,0x000000076da80000)
  from space 512K, 18% used [0x000000076db00000,0x000000076db18000,0x000000076db80000)
  to   space 14336K, 0% used [0x000000076e880000,0x000000076e880000,0x000000076f680000)
 ParOldGen       total 126976K, used 25340K [0x00000006c0000000, 0x00000006c7c00000, 0x000000076ab00000)
  object space 126976K, 19% used [0x00000006c0000000,0x00000006c18bf0c8,0x00000006c7c00000)
 Metaspace       used 24452K, capacity 24879K, committed 25136K, reserved 1071104K
  class space    used 2439K, capacity 2592K, committed 2608K, reserved 1048576K
Event: 302.217 GC heap after
Heap after GC invocations=31 (full 1):
 PSYoungGen      total 60928K, used 192K [0x000000076ab00000, 0x000000076f500000, 0x00000007c0000000)
  eden space 48128K, 0% used [0x000000076ab00000,0x000000076ab00000,0x000000076da00000)
  from space 12800K, 1% used [0x000000076e880000,0x000000076e8b0000,0x000000076f500000)
  to   space 13824K, 0% used [0x000000076da00000,0x000000076da00000,0x000000076e780000)
 ParOldGen       total 126976K, used 25340K [0x00000006c0000000, 0x00000006c7c00000, 0x000000076ab00000)
  object space 126976K, 19% used [0x00000006c0000000,0x00000006c18bf0c8,0x00000006c7c00000)
 Metaspace       used 24452K, capacity 24879K, committed 25136K, reserved 1071104K
  class space    used 2439K, capacity 2592K, committed 2608K, reserved 1048576K
}
Event: 315.235 GC heap before
{Heap before GC invocations=32 (full 1):
 PSYoungGen      total 60928K, used 48320K [0x000000076ab00000, 0x000000076f500000, 0x00000007c0000000)
  eden space 48128K, 100% used [0x000000076ab00000,0x000000076da00000,0x000000076da00000)
  from space 12800K, 1% used [0x000000076e880000,0x000000076e8b0000,0x000000076f500000)
  to   space 13824K, 0% used [0x000000076da00000,0x000000076da00000,0x000000076e780000)
 ParOldGen       total 126976K, used 25340K [0x00000006c0000000, 0x00000006c7c00000, 0x000000076ab00000)
  object space 126976K, 19% used [0x00000006c0000000,0x00000006c18bf0c8,0x00000006c7c00000)
 Metaspace       used 24452K, capacity 24879K, committed 25136K, reserved 1071104K
  class space    used 2439K, capacity 2592K, committed 2608K, reserved 1048576K
Event: 315.238 GC heap after
Heap after GC invocations=32 (full 1):
 PSYoungGen      total 48128K, used 160K [0x000000076ab00000, 0x000000076f280000, 0x00000007c0000000)
  eden space 47616K, 0% used [0x000000076ab00000,0x000000076ab00000,0x000000076d980000)
  from space 512K, 31% used [0x000000076da00000,0x000000076da28000,0x000000076da80000)
  to   space 12800K, 0% used [0x000000076e600000,0x000000076e600000,0x000000076f280000)
 ParOldGen       total 126976K, used 25340K [0x00000006c0000000, 0x00000006c7c00000, 0x000000076ab00000)
  object space 126976K, 19% used [0x00000006c0000000,0x00000006c18bf0c8,0x00000006c7c00000)
 Metaspace       used 24452K, capacity 24879K, committed 25136K, reserved 1071104K
  class space    used 2439K, capacity 2592K, committed 2608K, reserved 1048576K
}
Event: 329.737 GC heap before
{Heap before GC invocations=33 (full 1):
 PSYoungGen      total 48128K, used 47776K [0x000000076ab00000, 0x000000076f280000, 0x00000007c0000000)
  eden space 47616K, 100% used [0x000000076ab00000,0x000000076d980000,0x000000076d980000)
  from space 512K, 31% used [0x000000076da00000,0x000000076da28000,0x000000076da80000)
  to   space 12800K, 0% used [0x000000076e600000,0x000000076e600000,0x000000076f280000)
 ParOldGen       total 126976K, used 25340K [0x00000006c0000000, 0x00000006c7c00000, 0x000000076ab00000)
  object space 126976K, 19% used [0x00000006c0000000,0x00000006c18bf0c8,0x00000006c7c00000)
 Metaspace       used 24452K, capacity 24879K, committed 25136K, reserved 1071104K
  class space    used 2439K, capacity 2592K, committed 2608K, reserved 1048576K
Event: 329.743 GC heap after
Heap after GC invocations=33 (full 1):
 PSYoungGen      total 58368K, used 192K [0x000000076ab00000, 0x000000076f100000, 0x00000007c0000000)
  eden space 47104K, 0% used [0x000000076ab00000,0x000000076ab00000,0x000000076d900000)
  from space 11264K, 1% used [0x000000076e600000,0x000000076e630000,0x000000076f100000)
  to   space 12288K, 0% used [0x000000076d900000,0x000000076d900000,0x000000076e500000)
 ParOldGen       total 126976K, used 25340K [0x00000006c0000000, 0x00000006c7c00000, 0x000000076ab00000)
  object space 126976K, 19% used [0x00000006c0000000,0x00000006c18bf0c8,0x00000006c7c00000)
 Metaspace       used 24452K, capacity 24879K, committed 25136K, reserved 1071104K
  class space    used 2439K, capacity 2592K, committed 2608K, reserved 1048576K
}
Event: 344.354 GC heap before
{Heap before GC invocations=34 (full 1):
 PSYoungGen      total 58368K, used 47296K [0x000000076ab00000, 0x000000076f100000, 0x00000007c0000000)
  eden space 47104K, 100% used [0x000000076ab00000,0x000000076d900000,0x000000076d900000)
  from space 11264K, 1% used [0x000000076e600000,0x000000076e630000,0x000000076f100000)
  to   space 12288K, 0% used [0x000000076d900000,0x000000076d900000,0x000000076e500000)
 ParOldGen       total 126976K, used 25340K [0x00000006c0000000, 0x00000006c7c00000, 0x000000076ab00000)
  object space 126976K, 19% used [0x00000006c0000000,0x00000006c18bf0c8,0x00000006c7c00000)
 Metaspace       used 24452K, capacity 24879K, committed 25136K, reserved 1071104K
  class space    used 2439K, capacity 2592K, committed 2608K, reserved 1048576K
Event: 344.357 GC heap after
Heap after GC invocations=34 (full 1):
 PSYoungGen      total 47104K, used 128K [0x000000076ab00000, 0x000000076ef80000, 0x00000007c0000000)
  eden space 46592K, 0% used [0x000000076ab00000,0x000000076ab00000,0x000000076d880000)
  from space 512K, 25% used [0x000000076d900000,0x000000076d920000,0x000000076d980000)
  to   space 11776K, 0% used [0x000000076e400000,0x000000076e400000,0x000000076ef80000)
 ParOldGen       total 126976K, used 25340K [0x00000006c0000000, 0x00000006c7c00000, 0x000000076ab00000)
  object space 126976K, 19% used [0x00000006c0000000,0x00000006c18bf0c8,0x00000006c7c00000)
 Metaspace       used 24452K, capacity 24879K, committed 25136K, reserved 1071104K
  class space    used 2439K, capacity 2592K, committed 2608K, reserved 1048576K
}
Event: 359.223 GC heap before
{Heap before GC invocations=35 (full 1):
 PSYoungGen      total 47104K, used 46720K [0x000000076ab00000, 0x000000076ef80000, 0x00000007c0000000)
  eden space 46592K, 100% used [0x000000076ab00000,0x000000076d880000,0x000000076d880000)
  from space 512K, 25% used [0x000000076d900000,0x000000076d920000,0x000000076d980000)
  to   space 11776K, 0% used [0x000000076e400000,0x000000076e400000,0x000000076ef80000)
 ParOldGen       total 126976K, used 25340K [0x00000006c0000000, 0x00000006c7c00000, 0x000000076ab00000)
  object space 126976K, 19% used [0x00000006c0000000,0x00000006c18bf0c8,0x00000006c7c00000)
 Metaspace       used 24452K, capacity 24879K, committed 25136K, reserved 1071104K
  class space    used 2439K, capacity 2592K, committed 2608K, reserved 1048576K
Event: 359.235 GC heap after
Heap after GC invocations=35 (full 1):
 PSYoungGen      total 56320K, used 96K [0x000000076ab00000, 0x000000076ee00000, 0x00000007c0000000)
  eden space 46080K, 0% used [0x000000076ab00000,0x000000076ab00000,0x000000076d800000)
  from space 10240K, 0% used [0x000000076e400000,0x000000076e418000,0x000000076ee00000)
  to   space 11264K, 0% used [0x000000076d800000,0x000000076d800000,0x000000076e300000)
 ParOldGen       total 126976K, used 25340K [0x00000006c0000000, 0x00000006c7c00000, 0x000000076ab00000)
  object space 126976K, 19% used [0x00000006c0000000,0x00000006c18bf0c8,0x00000006c7c00000)
 Metaspace       used 24452K, capacity 24879K, committed 25136K, reserved 1071104K
  class space    used 2439K, capacity 2592K, committed 2608K, reserved 1048576K
}

