# JRE version: Java(TM) SE Runtime Environment (8.0_161-b12) (build 1.8.0_161-b12)
# Java VM: Java HotSpot(TM) 64-Bit Server VM (25.161-b12 mixed mode bsd-amd64 compressed oops)
Heap:
 PSYoungGen      total 77824K, used 62144K [0x000000076ab00000, 0x0000000770880000, 0x00000007c0000000)
  eden space 61952K, 100% used [0x000000076ab00000,0x000000076e780000,0x000000076e780000)
  from space 15872K, 1% used [0x000000076f900000,0x000000076f930000,0x0000000770880000)
  to   space 16896K, 0% used [0x000000076e780000,0x000000076e780000,0x000000076f800000)
 ParOldGen       total 123392K, used 25233K [0x00000006c0000000, 0x00000006c7880000, 0x000000076ab00000)
  object space 123392K, 20% used [0x00000006c0000000,0x00000006c18a4628,0x00000006c7880000)
 Metaspace       used 24508K, capacity 24873K, committed 25136K, reserved 1071104K
  class space    used 2454K, capacity 2593K, committed 2608K, reserved 1048576K
GC Heap History (10 events):
Event: 186.224 GC heap before
{Heap before GC invocations=17 (full 1):
 PSYoungGen      total 77824K, used 77821K [0x000000076ab00000, 0x0000000770680000, 0x00000007c0000000)
  eden space 67072K, 100% used [0x000000076ab00000,0x000000076ec80000,0x000000076ec80000)
  from space 10752K, 99% used [0x000000076ed80000,0x000000076f7ff570,0x000000076f800000)
  to   space 13312K, 0% used [0x000000076f980000,0x000000076f980000,0x0000000770680000)
 ParOldGen       total 123392K, used 14548K [0x00000006c0000000, 0x00000006c7880000, 0x000000076ab00000)
  object space 123392K, 11% used [0x00000006c0000000,0x00000006c0e35150,0x00000006c7880000)
 Metaspace       used 24427K, capacity 24863K, committed 25136K, reserved 1071104K
  class space    used 2441K, capacity 2590K, committed 2608K, reserved 1048576K
Event: 186.231 GC heap after
Heap after GC invocations=17 (full 1):
 PSYoungGen      total 77312K, used 10685K [0x000000076ab00000, 0x0000000770480000, 0x00000007c0000000)
  eden space 66048K, 0% used [0x000000076ab00000,0x000000076ab00000,0x000000076eb80000)
  from space 11264K, 94% used [0x000000076f980000,0x00000007703ef570,0x0000000770480000)
  to   space 12800K, 0% used [0x000000076eb80000,0x000000076eb80000,0x000000076f800000)
 ParOldGen       total 123392K, used 14548K [0x00000006c0000000, 0x00000006c7880000, 0x000000076ab00000)
  object space 123392K, 11% used [0x00000006c0000000,0x00000006c0e35150,0x00000006c7880000)
 Metaspace       used 24427K, capacity 24863K, committed 25136K, reserved 1071104K
  class space    used 2441K, capacity 2590K, committed 2608K, reserved 1048576K
}
Event: 199.463 GC heap before
{Heap before GC invocations=18 (full 1):
 PSYoungGen      total 77312K, used 76733K [0x000000076ab00000, 0x0000000770480000, 0x00000007c0000000)
  eden space 66048K, 100% used [0x000000076ab00000,0x000000076eb80000,0x000000076eb80000)
  from space 11264K, 94% used [0x000000076f980000,0x00000007703ef570,0x0000000770480000)
  to   space 12800K, 0% used [0x000000076eb80000,0x000000076eb80000,0x000000076f800000)
 ParOldGen       total 123392K, used 14548K [0x00000006c0000000, 0x00000006c7880000, 0x000000076ab00000)
  object space 123392K, 11% used [0x00000006c0000000,0x00000006c0e35150,0x00000006c7880000)
 Metaspace       used 24427K, capacity 24863K, committed 25136K, reserved 1071104K
  class space    used 2441K, capacity 2590K, committed 2608K, reserved 1048576K
Event: 199.476 GC heap after
Heap after GC invocations=18 (full 1):
 PSYoungGen      total 77824K, used 288K [0x000000076ab00000, 0x0000000770780000, 0x00000007c0000000)
  eden space 65024K, 0% used [0x000000076ab00000,0x000000076ab00000,0x000000076ea80000)
  from space 12800K, 2% used [0x000000076eb80000,0x000000076ebc8000,0x000000076f800000)
  to   space 14848K, 0% used [0x000000076f900000,0x000000076f900000,0x0000000770780000)
 ParOldGen       total 123392K, used 25113K [0x00000006c0000000, 0x00000006c7880000, 0x000000076ab00000)
  object space 123392K, 20% used [0x00000006c0000000,0x00000006c1886628,0x00000006c7880000)
 Metaspace       used 24427K, capacity 24863K, committed 25136K, reserved 1071104K
  class space    used 2441K, capacity 2590K, committed 2608K, reserved 1048576K
}
Event: 213.112 GC heap before
{Heap before GC invocations=19 (full 1):
 PSYoungGen      total 77824K, used 65312K [0x000000076ab00000, 0x0000000770780000, 0x00000007c0000000)
  eden space 65024K, 100% used [0x000000076ab00000,0x000000076ea80000,0x000000076ea80000)
  from space 12800K, 2% used [0x000000076eb80000,0x000000076ebc8000,0x000000076f800000)
  to   space 14848K, 0% used [0x000000076f900000,0x000000076f900000,0x0000000770780000)
 ParOldGen       total 123392K, used 25113K [0x00000006c0000000, 0x00000006c7880000, 0x000000076ab00000)
  object space 123392K, 20% used [0x00000006c0000000,0x00000006c1886628,0x00000006c7880000)
 Metaspace       used 24427K, capacity 24863K, committed 25136K, reserved 1071104K
  class space    used 2441K, capacity 2590K, committed 2608K, reserved 1048576K
Event: 213.114 GC heap after
Heap after GC invocations=19 (full 1):
 PSYoungGen      total 78848K, used 256K [0x000000076ab00000, 0x0000000770880000, 0x00000007c0000000)
  eden space 64000K, 0% used [0x000000076ab00000,0x000000076ab00000,0x000000076e980000)
  from space 14848K, 1% used [0x000000076f900000,0x000000076f940000,0x0000000770780000)
  to   space 15872K, 0% used [0x000000076e980000,0x000000076e980000,0x000000076f900000)
 ParOldGen       total 123392K, used 25161K [0x00000006c0000000, 0x00000006c7880000, 0x000000076ab00000)
  object space 123392K, 20% used [0x00000006c0000000,0x00000006c1892628,0x00000006c7880000)
 Metaspace       used 24427K, capacity 24863K, committed 25136K, reserved 1071104K
  class space    used 2441K, capacity 2590K, committed 2608K, reserved 1048576K
}
Event: 227.000 GC heap before
{Heap before GC invocations=20 (full 1):
 PSYoungGen      total 78848K, used 64256K [0x000000076ab00000, 0x0000000770880000, 0x00000007c0000000)
  eden space 64000K, 100% used [0x000000076ab00000,0x000000076e980000,0x000000076e980000)
  from space 14848K, 1% used [0x000000076f900000,0x000000076f940000,0x0000000770780000)
  to   space 15872K, 0% used [0x000000076e980000,0x000000076e980000,0x000000076f900000)
 ParOldGen       total 123392K, used 25161K [0x00000006c0000000, 0x00000006c7880000, 0x000000076ab00000)
  object space 123392K, 20% used [0x00000006c0000000,0x00000006c1892628,0x00000006c7880000)
 Metaspace       used 24427K, capacity 24863K, committed 25136K, reserved 1071104K
  class space    used 2441K, capacity 2590K, committed 2608K, reserved 1048576K
Event: 227.003 GC heap after
Heap after GC invocations=20 (full 1):
 PSYoungGen      total 78848K, used 224K [0x000000076ab00000, 0x0000000770980000, 0x00000007c0000000)
  eden space 62976K, 0% used [0x000000076ab00000,0x000000076ab00000,0x000000076e880000)
  from space 15872K, 1% used [0x000000076e980000,0x000000076e9b8000,0x000000076f900000)
  to   space 16896K, 0% used [0x000000076f900000,0x000000076f900000,0x0000000770980000)
 ParOldGen       total 123392K, used 25201K [0x00000006c0000000, 0x00000006c7880000, 0x000000076ab00000)
  object space 123392K, 20% used [0x00000006c0000000,0x00000006c189c628,0x00000006c7880000)
 Metaspace       used 24427K, capacity 24863K, committed 25136K, reserved 1071104K
  class space    used 2441K, capacity 2590K, committed 2608K, reserved 1048576K
}
Event: 240.201 GC heap before
{Heap before GC invocations=21 (full 1):
 PSYoungGen      total 78848K, used 63200K [0x000000076ab00000, 0x0000000770980000, 0x00000007c0000000)
  eden space 62976K, 100% used [0x000000076ab00000,0x000000076e880000,0x000000076e880000)
  from space 15872K, 1% used [0x000000076e980000,0x000000076e9b8000,0x000000076f900000)
  to   space 16896K, 0% used [0x000000076f900000,0x000000076f900000,0x0000000770980000)
 ParOldGen       total 123392K, used 25201K [0x00000006c0000000, 0x00000006c7880000, 0x000000076ab00000)
  object space 123392K, 20% used [0x00000006c0000000,0x00000006c189c628,0x00000006c7880000)
 Metaspace       used 24427K, capacity 24863K, committed 25136K, reserved 1071104K
  class space    used 2441K, capacity 2590K, committed 2608K, reserved 1048576K
Event: 240.205 GC heap after
Heap after GC invocations=21 (full 1):
 PSYoungGen      total 77824K, used 192K [0x000000076ab00000, 0x0000000770880000, 0x00000007c0000000)
  eden space 61952K, 0% used [0x000000076ab00000,0x000000076ab00000,0x000000076e780000)
  from space 15872K, 1% used [0x000000076f900000,0x000000076f930000,0x0000000770880000)
  to   space 16896K, 0% used [0x000000076e780000,0x000000076e780000,0x000000076f800000)
 ParOldGen       total 123392K, used 25233K [0x00000006c0000000, 0x00000006c7880000, 0x000000076ab00000)
  object space 123392K, 20% used [0x00000006c0000000,0x00000006c18a4628,0x00000006c7880000)
 Metaspace       used 24427K, capacity 24863K, committed 25136K, reserved 1071104K
  class space    used 2441K, capacity 2590K, committed 2608K, reserved 1048576K
}

