# JRE version: Java(TM) SE Runtime Environment (8.0_161-b12) (build 1.8.0_161-b12)
# Java VM: Java HotSpot(TM) 64-Bit Server VM (25.161-b12 mixed mode bsd-amd64 compressed oops)
Heap:
 PSYoungGen      total 76288K, used 16456K [0x000000076ab00000, 0x0000000771280000, 0x00000007c0000000)
  eden space 65536K, 8% used [0x000000076ab00000,0x000000076b0957e8,0x000000076eb00000)
  from space 10752K, 99% used [0x000000076f580000,0x000000076fffcac8,0x0000000770000000)
  to   space 10752K, 0% used [0x000000076eb00000,0x000000076eb00000,0x000000076f580000)
 ParOldGen       total 124928K, used 12783K [0x00000006c0000000, 0x00000006c7a00000, 0x000000076ab00000)
  object space 124928K, 10% used [0x00000006c0000000,0x00000006c0c7bca0,0x00000006c7a00000)
 Metaspace       used 24062K, capacity 24507K, committed 24960K, reserved 1071104K
  class space    used 2445K, capacity 2598K, committed 2688K, reserved 1048576K
GC Heap History (6 events):
Event: 3.550 GC heap before
{Heap before GC invocations=1 (full 0):
 PSYoungGen      total 76288K, used 60091K [0x000000076ab00000, 0x0000000770000000, 0x00000007c0000000)
  eden space 65536K, 91% used [0x000000076ab00000,0x000000076e5aec60,0x000000076eb00000)
  from space 10752K, 0% used [0x000000076f580000,0x000000076f580000,0x0000000770000000)
  to   space 10752K, 0% used [0x000000076eb00000,0x000000076eb00000,0x000000076f580000)
 ParOldGen       total 175104K, used 0K [0x00000006c0000000, 0x00000006cab00000, 0x000000076ab00000)
  object space 175104K, 0% used [0x00000006c0000000,0x00000006c0000000,0x00000006cab00000)
 Metaspace       used 20598K, capacity 21011K, committed 21248K, reserved 1069056K
  class space    used 2145K, capacity 2294K, committed 2304K, reserved 1048576K
Event: 3.561 GC heap after
Heap after GC invocations=1 (full 0):
 PSYoungGen      total 76288K, used 9595K [0x000000076ab00000, 0x0000000770000000, 0x00000007c0000000)
  eden space 65536K, 0% used [0x000000076ab00000,0x000000076ab00000,0x000000076eb00000)
  from space 10752K, 89% used [0x000000076eb00000,0x000000076f45ecc8,0x000000076f580000)
  to   space 10752K, 0% used [0x000000076f580000,0x000000076f580000,0x0000000770000000)
 ParOldGen       total 175104K, used 24K [0x00000006c0000000, 0x00000006cab00000, 0x000000076ab00000)
  object space 175104K, 0% used [0x00000006c0000000,0x00000006c0006000,0x00000006cab00000)
 Metaspace       used 20598K, capacity 21011K, committed 21248K, reserved 1069056K
  class space    used 2145K, capacity 2294K, committed 2304K, reserved 1048576K
}
Event: 3.561 GC heap before
{Heap before GC invocations=2 (full 1):
 PSYoungGen      total 76288K, used 9595K [0x000000076ab00000, 0x0000000770000000, 0x00000007c0000000)
  eden space 65536K, 0% used [0x000000076ab00000,0x000000076ab00000,0x000000076eb00000)
  from space 10752K, 89% used [0x000000076eb00000,0x000000076f45ecc8,0x000000076f580000)
  to   space 10752K, 0% used [0x000000076f580000,0x000000076f580000,0x0000000770000000)
 ParOldGen       total 175104K, used 24K [0x00000006c0000000, 0x00000006cab00000, 0x000000076ab00000)
  object space 175104K, 0% used [0x00000006c0000000,0x00000006c0006000,0x00000006cab00000)
 Metaspace       used 20598K, capacity 21011K, committed 21248K, reserved 1069056K
  class space    used 2145K, capacity 2294K, committed 2304K, reserved 1048576K
Event: 3.591 GC heap after
Heap after GC invocations=2 (full 1):
 PSYoungGen      total 76288K, used 0K [0x000000076ab00000, 0x0000000770000000, 0x00000007c0000000)
  eden space 65536K, 0% used [0x000000076ab00000,0x000000076ab00000,0x000000076eb00000)
  from space 10752K, 0% used [0x000000076eb00000,0x000000076eb00000,0x000000076f580000)
  to   space 10752K, 0% used [0x000000076f580000,0x000000076f580000,0x0000000770000000)
 ParOldGen       total 124928K, used 9307K [0x00000006c0000000, 0x00000006c7a00000, 0x000000076ab00000)
  object space 124928K, 7% used [0x00000006c0000000,0x00000006c0916ec0,0x00000006c7a00000)
 Metaspace       used 20598K, capacity 21011K, committed 21248K, reserved 1069056K
  class space    used 2145K, capacity 2294K, committed 2304K, reserved 1048576K
}
Event: 6.360 GC heap before
{Heap before GC invocations=3 (full 1):
 PSYoungGen      total 76288K, used 65536K [0x000000076ab00000, 0x0000000770000000, 0x00000007c0000000)
  eden space 65536K, 100% used [0x000000076ab00000,0x000000076eb00000,0x000000076eb00000)
  from space 10752K, 0% used [0x000000076eb00000,0x000000076eb00000,0x000000076f580000)
  to   space 10752K, 0% used [0x000000076f580000,0x000000076f580000,0x0000000770000000)
 ParOldGen       total 124928K, used 9307K [0x00000006c0000000, 0x00000006c7a00000, 0x000000076ab00000)
  object space 124928K, 7% used [0x00000006c0000000,0x00000006c0916ec0,0x00000006c7a00000)
 Metaspace       used 23970K, capacity 24407K, committed 24960K, reserved 1071104K
  class space    used 2432K, capacity 2564K, committed 2688K, reserved 1048576K
Event: 6.372 GC heap after
Heap after GC invocations=3 (full 1):
 PSYoungGen      total 76288K, used 10738K [0x000000076ab00000, 0x0000000771280000, 0x00000007c0000000)
  eden space 65536K, 0% used [0x000000076ab00000,0x000000076ab00000,0x000000076eb00000)
  from space 10752K, 99% used [0x000000076f580000,0x000000076fffcac8,0x0000000770000000)
  to   space 10752K, 0% used [0x000000076eb00000,0x000000076eb00000,0x000000076f580000)
 ParOldGen       total 124928K, used 12783K [0x00000006c0000000, 0x00000006c7a00000, 0x000000076ab00000)
  object space 124928K, 10% used [0x00000006c0000000,0x00000006c0c7bca0,0x00000006c7a00000)
 Metaspace       used 23970K, capacity 24407K, committed 24960K, reserved 1071104K
  class space    used 2432K, capacity 2564K, committed 2688K, reserved 1048576K
}

