# JRE version: Java(TM) SE Runtime Environment (8.0_161-b12) (build 1.8.0_161-b12)
# Java VM: Java HotSpot(TM) 64-Bit Server VM (25.161-b12 mixed mode bsd-amd64 compressed oops)
Heap:
 PSYoungGen      total 76288K, used 33815K [0x000000076ab00000, 0x0000000771600000, 0x00000007c0000000)
  eden space 65536K, 35% used [0x000000076ab00000,0x000000076c18db98,0x000000076eb00000)
  from space 10752K, 99% used [0x000000076f580000,0x000000076fff8400,0x0000000770000000)
  to   space 10752K, 0% used [0x000000076eb00000,0x000000076eb00000,0x000000076f580000)
 ParOldGen       total 124928K, used 14532K [0x00000006c0000000, 0x00000006c7a00000, 0x000000076ab00000)
  object space 124928K, 11% used [0x00000006c0000000,0x00000006c0e311a0,0x00000006c7a00000)
 Metaspace       used 24312K, capacity 24753K, committed 25216K, reserved 1071104K
  class space    used 2453K, capacity 2593K, committed 2688K, reserved 1048576K
GC Heap History (6 events):
Event: 3.287 GC heap before
{Heap before GC invocations=1 (full 0):
 PSYoungGen      total 76288K, used 60160K [0x000000076ab00000, 0x0000000770000000, 0x00000007c0000000)
  eden space 65536K, 91% used [0x000000076ab00000,0x000000076e5c0220,0x000000076eb00000)
  from space 10752K, 0% used [0x000000076f580000,0x000000076f580000,0x0000000770000000)
  to   space 10752K, 0% used [0x000000076eb00000,0x000000076eb00000,0x000000076f580000)
 ParOldGen       total 175104K, used 0K [0x00000006c0000000, 0x00000006cab00000, 0x000000076ab00000)
  object space 175104K, 0% used [0x00000006c0000000,0x00000006c0000000,0x00000006cab00000)
 Metaspace       used 20602K, capacity 21019K, committed 21248K, reserved 1069056K
  class space    used 2145K, capacity 2294K, committed 2304K, reserved 1048576K
Event: 3.296 GC heap after
Heap after GC invocations=1 (full 0):
 PSYoungGen      total 76288K, used 9627K [0x000000076ab00000, 0x0000000770000000, 0x00000007c0000000)
  eden space 65536K, 0% used [0x000000076ab00000,0x000000076ab00000,0x000000076eb00000)
  from space 10752K, 89% used [0x000000076eb00000,0x000000076f466e78,0x000000076f580000)
  to   space 10752K, 0% used [0x000000076f580000,0x000000076f580000,0x0000000770000000)
 ParOldGen       total 175104K, used 24K [0x00000006c0000000, 0x00000006cab00000, 0x000000076ab00000)
  object space 175104K, 0% used [0x00000006c0000000,0x00000006c0006000,0x00000006cab00000)
 Metaspace       used 20602K, capacity 21019K, committed 21248K, reserved 1069056K
  class space    used 2145K, capacity 2294K, committed 2304K, reserved 1048576K
}
Event: 3.296 GC heap before
{Heap before GC invocations=2 (full 1):
 PSYoungGen      total 76288K, used 9627K [0x000000076ab00000, 0x0000000770000000, 0x00000007c0000000)
  eden space 65536K, 0% used [0x000000076ab00000,0x000000076ab00000,0x000000076eb00000)
  from space 10752K, 89% used [0x000000076eb00000,0x000000076f466e78,0x000000076f580000)
  to   space 10752K, 0% used [0x000000076f580000,0x000000076f580000,0x0000000770000000)
 ParOldGen       total 175104K, used 24K [0x00000006c0000000, 0x00000006cab00000, 0x000000076ab00000)
  object space 175104K, 0% used [0x00000006c0000000,0x00000006c0006000,0x00000006cab00000)
 Metaspace       used 20602K, capacity 21019K, committed 21248K, reserved 1069056K
  class space    used 2145K, capacity 2294K, committed 2304K, reserved 1048576K
Event: 3.324 GC heap after
Heap after GC invocations=2 (full 1):
 PSYoungGen      total 76288K, used 0K [0x000000076ab00000, 0x0000000770000000, 0x00000007c0000000)
  eden space 65536K, 0% used [0x000000076ab00000,0x000000076ab00000,0x000000076eb00000)
  from space 10752K, 0% used [0x000000076eb00000,0x000000076eb00000,0x000000076f580000)
  to   space 10752K, 0% used [0x000000076f580000,0x000000076f580000,0x0000000770000000)
 ParOldGen       total 124928K, used 9305K [0x00000006c0000000, 0x00000006c7a00000, 0x000000076ab00000)
  object space 124928K, 7% used [0x00000006c0000000,0x00000006c0916550,0x00000006c7a00000)
 Metaspace       used 20602K, capacity 21019K, committed 21248K, reserved 1069056K
  class space    used 2145K, capacity 2294K, committed 2304K, reserved 1048576K
}
Event: 4.818 GC heap before
{Heap before GC invocations=3 (full 1):
 PSYoungGen      total 76288K, used 65536K [0x000000076ab00000, 0x0000000770000000, 0x00000007c0000000)
  eden space 65536K, 100% used [0x000000076ab00000,0x000000076eb00000,0x000000076eb00000)
  from space 10752K, 0% used [0x000000076eb00000,0x000000076eb00000,0x000000076f580000)
  to   space 10752K, 0% used [0x000000076f580000,0x000000076f580000,0x0000000770000000)
 ParOldGen       total 124928K, used 9305K [0x00000006c0000000, 0x00000006c7a00000, 0x000000076ab00000)
  object space 124928K, 7% used [0x00000006c0000000,0x00000006c0916550,0x00000006c7a00000)
 Metaspace       used 23971K, capacity 24365K, committed 24704K, reserved 1071104K
  class space    used 2440K, capacity 2591K, committed 2688K, reserved 1048576K
Event: 4.828 GC heap after
Heap after GC invocations=3 (full 1):
 PSYoungGen      total 76288K, used 10721K [0x000000076ab00000, 0x0000000771600000, 0x00000007c0000000)
  eden space 65536K, 0% used [0x000000076ab00000,0x000000076ab00000,0x000000076eb00000)
  from space 10752K, 99% used [0x000000076f580000,0x000000076fff8400,0x0000000770000000)
  to   space 10752K, 0% used [0x000000076eb00000,0x000000076eb00000,0x000000076f580000)
 ParOldGen       total 124928K, used 14532K [0x00000006c0000000, 0x00000006c7a00000, 0x000000076ab00000)
  object space 124928K, 11% used [0x00000006c0000000,0x00000006c0e311a0,0x00000006c7a00000)
 Metaspace       used 23971K, capacity 24365K, committed 24704K, reserved 1071104K
  class space    used 2440K, capacity 2591K, committed 2688K, reserved 1048576K
}

