# JRE version: Java(TM) SE Runtime Environment (8.0_161-b12) (build 1.8.0_161-b12)
# Java VM: Java HotSpot(TM) 64-Bit Server VM (25.161-b12 mixed mode bsd-amd64 compressed oops)
Heap:
 PSYoungGen      total 384000K, used 24945K [0x000000076ab00000, 0x000000079bc80000, 0x00000007c0000000)
  eden space 383488K, 6% used [0x000000076ab00000,0x000000076c32c520,0x0000000782180000)
  from space 512K, 37% used [0x000000079bc00000,0x000000079bc30000,0x000000079bc80000)
  to   space 16384K, 0% used [0x0000000799c80000,0x0000000799c80000,0x000000079ac80000)
 ParOldGen       total 175104K, used 21092K [0x00000006c0000000, 0x00000006cab00000, 0x000000076ab00000)
  object space 175104K, 12% used [0x00000006c0000000,0x00000006c1499260,0x00000006cab00000)
 Metaspace       used 19913K, capacity 20265K, committed 20608K, reserved 1067008K
  class space    used 1981K, capacity 2091K, committed 2176K, reserved 1048576K
GC Heap History (10 events):
Event: 12.519 GC heap before
{Heap before GC invocations=12 (full 0):
 PSYoungGen      total 497152K, used 478464K [0x000000076ab00000, 0x000000079f000000, 0x00000007c0000000)
  eden space 478208K, 100% used [0x000000076ab00000,0x0000000787e00000,0x0000000787e00000)
  from space 18944K, 1% used [0x000000079cb00000,0x000000079cb40000,0x000000079dd80000)
  to   space 18944K, 0% used [0x000000079dd80000,0x000000079dd80000,0x000000079f000000)
 ParOldGen       total 175104K, used 16572K [0x00000006c0000000, 0x00000006cab00000, 0x000000076ab00000)
  object space 175104K, 9% used [0x00000006c0000000,0x00000006c102f080,0x00000006cab00000)
 Metaspace       used 19658K, capacity 20069K, committed 20352K, reserved 1067008K
  class space    used 1968K, capacity 2089K, committed 2176K, reserved 1048576K
Event: 12.520 GC heap after
Heap after GC invocations=12 (full 0):
 PSYoungGen      total 457728K, used 224K [0x000000076ab00000, 0x000000079de00000, 0x00000007c0000000)
  eden space 457216K, 0% used [0x000000076ab00000,0x000000076ab00000,0x0000000786980000)
  from space 512K, 43% used [0x000000079dd80000,0x000000079ddb8000,0x000000079de00000)
  to   space 18944K, 0% used [0x000000079b900000,0x000000079b900000,0x000000079cb80000)
 ParOldGen       total 175104K, used 16628K [0x00000006c0000000, 0x00000006cab00000, 0x000000076ab00000)
  object space 175104K, 9% used [0x00000006c0000000,0x00000006c103d080,0x00000006cab00000)
 Metaspace       used 19658K, capacity 20069K, committed 20352K, reserved 1067008K
  class space    used 1968K, capacity 2089K, committed 2176K, reserved 1048576K
}
Event: 13.792 GC heap before
{Heap before GC invocations=13 (full 0):
 PSYoungGen      total 457728K, used 457440K [0x000000076ab00000, 0x000000079de00000, 0x00000007c0000000)
  eden space 457216K, 100% used [0x000000076ab00000,0x0000000786980000,0x0000000786980000)
  from space 512K, 43% used [0x000000079dd80000,0x000000079ddb8000,0x000000079de00000)
  to   space 18944K, 0% used [0x000000079b900000,0x000000079b900000,0x000000079cb80000)
 ParOldGen       total 175104K, used 16628K [0x00000006c0000000, 0x00000006cab00000, 0x000000076ab00000)
  object space 175104K, 9% used [0x00000006c0000000,0x00000006c103d080,0x00000006cab00000)
 Metaspace       used 19741K, capacity 20133K, committed 20608K, reserved 1067008K
  class space    used 1968K, capacity 2089K, committed 2176K, reserved 1048576K
Event: 13.794 GC heap after
Heap after GC invocations=13 (full 0):
 PSYoungGen      total 456192K, used 192K [0x000000076ab00000, 0x000000079de00000, 0x00000007c0000000)
  eden space 437248K, 0% used [0x000000076ab00000,0x000000076ab00000,0x0000000785600000)
  from space 18944K, 1% used [0x000000079b900000,0x000000079b930000,0x000000079cb80000)
  to   space 18432K, 0% used [0x000000079cc00000,0x000000079cc00000,0x000000079de00000)
 ParOldGen       total 175104K, used 16684K [0x00000006c0000000, 0x00000006cab00000, 0x000000076ab00000)
  object space 175104K, 9% used [0x00000006c0000000,0x00000006c104b080,0x00000006cab00000)
 Metaspace       used 19741K, capacity 20133K, committed 20608K, reserved 1067008K
  class space    used 1968K, capacity 2089K, committed 2176K, reserved 1048576K
}
Event: 14.953 GC heap before
{Heap before GC invocations=14 (full 0):
 PSYoungGen      total 456192K, used 437440K [0x000000076ab00000, 0x000000079de00000, 0x00000007c0000000)
  eden space 437248K, 100% used [0x000000076ab00000,0x0000000785600000,0x0000000785600000)
  from space 18944K, 1% used [0x000000079b900000,0x000000079b930000,0x000000079cb80000)
  to   space 18432K, 0% used [0x000000079cc00000,0x000000079cc00000,0x000000079de00000)
 ParOldGen       total 175104K, used 16684K [0x00000006c0000000, 0x00000006cab00000, 0x000000076ab00000)
  object space 175104K, 9% used [0x00000006c0000000,0x00000006c104b080,0x00000006cab00000)
 Metaspace       used 19770K, capacity 20133K, committed 20608K, reserved 1067008K
  class space    used 1968K, capacity 2089K, committed 2176K, reserved 1048576K
Event: 14.956 GC heap after
Heap after GC invocations=14 (full 0):
 PSYoungGen      total 421888K, used 3120K [0x000000076ab00000, 0x000000079cf80000, 0x00000007c0000000)
  eden space 418304K, 0% used [0x000000076ab00000,0x000000076ab00000,0x0000000784380000)
  from space 3584K, 87% used [0x000000079cc00000,0x000000079cf0c110,0x000000079cf80000)
  to   space 17920K, 0% used [0x000000079ac80000,0x000000079ac80000,0x000000079be00000)
 ParOldGen       total 175104K, used 16708K [0x00000006c0000000, 0x00000006cab00000, 0x000000076ab00000)
  object space 175104K, 9% used [0x00000006c0000000,0x00000006c1051080,0x00000006cab00000)
 Metaspace       used 19770K, capacity 20133K, committed 20608K, reserved 1067008K
  class space    used 1968K, capacity 2089K, committed 2176K, reserved 1048576K
}
Event: 16.073 GC heap before
{Heap before GC invocations=15 (full 0):
 PSYoungGen      total 421888K, used 421424K [0x000000076ab00000, 0x000000079cf80000, 0x00000007c0000000)
  eden space 418304K, 100% used [0x000000076ab00000,0x0000000784380000,0x0000000784380000)
  from space 3584K, 87% used [0x000000079cc00000,0x000000079cf0c110,0x000000079cf80000)
  to   space 17920K, 0% used [0x000000079ac80000,0x000000079ac80000,0x000000079be00000)
 ParOldGen       total 175104K, used 16708K [0x00000006c0000000, 0x00000006cab00000, 0x000000076ab00000)
  object space 175104K, 9% used [0x00000006c0000000,0x00000006c1051080,0x00000006cab00000)
 Metaspace       used 19795K, capacity 20197K, committed 20608K, reserved 1067008K
  class space    used 1969K, capacity 2089K, committed 2176K, reserved 1048576K
Event: 16.077 GC heap after
Heap after GC invocations=15 (full 0):
 PSYoungGen      total 402944K, used 2176K [0x000000076ab00000, 0x000000079cc80000, 0x00000007c0000000)
  eden space 400384K, 0% used [0x000000076ab00000,0x000000076ab00000,0x0000000783200000)
  from space 2560K, 85% used [0x000000079ac80000,0x000000079aea00e0,0x000000079af00000)
  to   space 16896K, 0% used [0x000000079bc00000,0x000000079bc00000,0x000000079cc80000)
 ParOldGen       total 175104K, used 19420K [0x00000006c0000000, 0x00000006cab00000, 0x000000076ab00000)
  object space 175104K, 11% used [0x00000006c0000000,0x00000006c12f71a0,0x00000006cab00000)
 Metaspace       used 19795K, capacity 20197K, committed 20608K, reserved 1067008K
  class space    used 1969K, capacity 2089K, committed 2176K, reserved 1048576K
}
Event: 17.183 GC heap before
{Heap before GC invocations=16 (full 0):
 PSYoungGen      total 402944K, used 402560K [0x000000076ab00000, 0x000000079cc80000, 0x00000007c0000000)
  eden space 400384K, 100% used [0x000000076ab00000,0x0000000783200000,0x0000000783200000)
  from space 2560K, 85% used [0x000000079ac80000,0x000000079aea00e0,0x000000079af00000)
  to   space 16896K, 0% used [0x000000079bc00000,0x000000079bc00000,0x000000079cc80000)
 ParOldGen       total 175104K, used 19420K [0x00000006c0000000, 0x00000006cab00000, 0x000000076ab00000)
  object space 175104K, 11% used [0x00000006c0000000,0x00000006c12f71a0,0x00000006cab00000)
 Metaspace       used 19855K, capacity 20197K, committed 20608K, reserved 1067008K
  class space    used 1970K, capacity 2089K, committed 2176K, reserved 1048576K
Event: 17.185 GC heap after
Heap after GC invocations=16 (full 0):
 PSYoungGen      total 384000K, used 192K [0x000000076ab00000, 0x000000079bc80000, 0x00000007c0000000)
  eden space 383488K, 0% used [0x000000076ab00000,0x000000076ab00000,0x0000000782180000)
  from space 512K, 37% used [0x000000079bc00000,0x000000079bc30000,0x000000079bc80000)
  to   space 16384K, 0% used [0x0000000799c80000,0x0000000799c80000,0x000000079ac80000)
 ParOldGen       total 175104K, used 21092K [0x00000006c0000000, 0x00000006cab00000, 0x000000076ab00000)
  object space 175104K, 12% used [0x00000006c0000000,0x00000006c1499260,0x00000006cab00000)
 Metaspace       used 19855K, capacity 20197K, committed 20608K, reserved 1067008K
  class space    used 1970K, capacity 2089K, committed 2176K, reserved 1048576K
}

