# JRE version: Java(TM) SE Runtime Environment (8.0_161-b12) (build 1.8.0_161-b12)
# Java VM: Java HotSpot(TM) 64-Bit Server VM (25.161-b12 mixed mode bsd-amd64 compressed oops)
Heap:
 PSYoungGen      total 76288K, used 35484K [0x000000076ab00000, 0x0000000771380000, 0x00000007c0000000)
  eden space 65536K, 37% used [0x000000076ab00000,0x000000076c32e9a0,0x000000076eb00000)
  from space 10752K, 99% used [0x000000076f580000,0x000000076fff8878,0x0000000770000000)
  to   space 10752K, 0% used [0x000000076eb00000,0x000000076eb00000,0x000000076f580000)
 ParOldGen       total 125440K, used 14400K [0x00000006c0000000, 0x00000006c7a80000, 0x000000076ab00000)
  object space 125440K, 11% used [0x00000006c0000000,0x00000006c0e101f0,0x00000006c7a80000)
 Metaspace       used 24371K, capacity 24817K, committed 25216K, reserved 1071104K
  class space    used 2446K, capacity 2593K, committed 2688K, reserved 1048576K
GC Heap History (6 events):
Event: 3.167 GC heap before
{Heap before GC invocations=1 (full 0):
 PSYoungGen      total 76288K, used 60000K [0x000000076ab00000, 0x0000000770000000, 0x00000007c0000000)
  eden space 65536K, 91% used [0x000000076ab00000,0x000000076e598060,0x000000076eb00000)
  from space 10752K, 0% used [0x000000076f580000,0x000000076f580000,0x0000000770000000)
  to   space 10752K, 0% used [0x000000076eb00000,0x000000076eb00000,0x000000076f580000)
 ParOldGen       total 175104K, used 0K [0x00000006c0000000, 0x00000006cab00000, 0x000000076ab00000)
  object space 175104K, 0% used [0x00000006c0000000,0x00000006c0000000,0x00000006cab00000)
 Metaspace       used 20595K, capacity 21015K, committed 21248K, reserved 1069056K
  class space    used 2140K, capacity 2294K, committed 2304K, reserved 1048576K
Event: 3.177 GC heap after
Heap after GC invocations=1 (full 0):
 PSYoungGen      total 76288K, used 9554K [0x000000076ab00000, 0x0000000770000000, 0x00000007c0000000)
  eden space 65536K, 0% used [0x000000076ab00000,0x000000076ab00000,0x000000076eb00000)
  from space 10752K, 88% used [0x000000076eb00000,0x000000076f454ad0,0x000000076f580000)
  to   space 10752K, 0% used [0x000000076f580000,0x000000076f580000,0x0000000770000000)
 ParOldGen       total 175104K, used 24K [0x00000006c0000000, 0x00000006cab00000, 0x000000076ab00000)
  object space 175104K, 0% used [0x00000006c0000000,0x00000006c0006000,0x00000006cab00000)
 Metaspace       used 20595K, capacity 21015K, committed 21248K, reserved 1069056K
  class space    used 2140K, capacity 2294K, committed 2304K, reserved 1048576K
}
Event: 3.177 GC heap before
{Heap before GC invocations=2 (full 1):
 PSYoungGen      total 76288K, used 9554K [0x000000076ab00000, 0x0000000770000000, 0x00000007c0000000)
  eden space 65536K, 0% used [0x000000076ab00000,0x000000076ab00000,0x000000076eb00000)
  from space 10752K, 88% used [0x000000076eb00000,0x000000076f454ad0,0x000000076f580000)
  to   space 10752K, 0% used [0x000000076f580000,0x000000076f580000,0x0000000770000000)
 ParOldGen       total 175104K, used 24K [0x00000006c0000000, 0x00000006cab00000, 0x000000076ab00000)
  object space 175104K, 0% used [0x00000006c0000000,0x00000006c0006000,0x00000006cab00000)
 Metaspace       used 20595K, capacity 21015K, committed 21248K, reserved 1069056K
  class space    used 2140K, capacity 2294K, committed 2304K, reserved 1048576K
Event: 3.206 GC heap after
Heap after GC invocations=2 (full 1):
 PSYoungGen      total 76288K, used 0K [0x000000076ab00000, 0x0000000770000000, 0x00000007c0000000)
  eden space 65536K, 0% used [0x000000076ab00000,0x000000076ab00000,0x000000076eb00000)
  from space 10752K, 0% used [0x000000076eb00000,0x000000076eb00000,0x000000076f580000)
  to   space 10752K, 0% used [0x000000076f580000,0x000000076f580000,0x0000000770000000)
 ParOldGen       total 125440K, used 9291K [0x00000006c0000000, 0x00000006c7a80000, 0x000000076ab00000)
  object space 125440K, 7% used [0x00000006c0000000,0x00000006c0912df8,0x00000006c7a80000)
 Metaspace       used 20595K, capacity 21015K, committed 21248K, reserved 1069056K
  class space    used 2140K, capacity 2294K, committed 2304K, reserved 1048576K
}
Event: 4.958 GC heap before
{Heap before GC invocations=3 (full 1):
 PSYoungGen      total 76288K, used 65536K [0x000000076ab00000, 0x0000000770000000, 0x00000007c0000000)
  eden space 65536K, 100% used [0x000000076ab00000,0x000000076eb00000,0x000000076eb00000)
  from space 10752K, 0% used [0x000000076eb00000,0x000000076eb00000,0x000000076f580000)
  to   space 10752K, 0% used [0x000000076f580000,0x000000076f580000,0x0000000770000000)
 ParOldGen       total 125440K, used 9291K [0x00000006c0000000, 0x00000006c7a80000, 0x000000076ab00000)
  object space 125440K, 7% used [0x00000006c0000000,0x00000006c0912df8,0x00000006c7a80000)
 Metaspace       used 23979K, capacity 24327K, committed 24576K, reserved 1071104K
  class space    used 2433K, capacity 2558K, committed 2560K, reserved 1048576K
Event: 4.967 GC heap after
Heap after GC invocations=3 (full 1):
 PSYoungGen      total 76288K, used 10722K [0x000000076ab00000, 0x0000000771380000, 0x00000007c0000000)
  eden space 65536K, 0% used [0x000000076ab00000,0x000000076ab00000,0x000000076eb00000)
  from space 10752K, 99% used [0x000000076f580000,0x000000076fff8878,0x0000000770000000)
  to   space 10752K, 0% used [0x000000076eb00000,0x000000076eb00000,0x000000076f580000)
 ParOldGen       total 125440K, used 14400K [0x00000006c0000000, 0x00000006c7a80000, 0x000000076ab00000)
  object space 125440K, 11% used [0x00000006c0000000,0x00000006c0e101f0,0x00000006c7a80000)
 Metaspace       used 23979K, capacity 24327K, committed 24576K, reserved 1071104K
  class space    used 2433K, capacity 2558K, committed 2560K, reserved 1048576K
}

