# JRE version: Java(TM) SE Runtime Environment (8.0_161-b12) (build 1.8.0_161-b12)
# Java VM: Java HotSpot(TM) 64-Bit Server VM (25.161-b12 mixed mode bsd-amd64 compressed oops)
Heap:
 PSYoungGen      total 60416K, used 5885K [0x000000076ab00000, 0x000000076f900000, 0x00000007c0000000)
  eden space 55296K, 1% used [0x000000076ab00000,0x000000076abcf608,0x000000076e100000)
  from space 5120K, 98% used [0x000000076e180000,0x000000076e670000,0x000000076e680000)
  to   space 12288K, 0% used [0x000000076ed00000,0x000000076ed00000,0x000000076f900000)
 ParOldGen       total 125440K, used 52598K [0x00000006c0000000, 0x00000006c7a80000, 0x000000076ab00000)
  object space 125440K, 41% used [0x00000006c0000000,0x00000006c335d888,0x00000006c7a80000)
 Metaspace       used 24380K, capacity 24813K, committed 25136K, reserved 1071104K
  class space    used 2440K, capacity 2593K, committed 2608K, reserved 1048576K
GC Heap History (10 events):
Event: 349.478 GC heap before
{Heap before GC invocations=33 (full 1):
 PSYoungGen      total 64000K, used 63840K [0x000000076ab00000, 0x0000000770100000, 0x00000007c0000000)
  eden space 58368K, 100% used [0x000000076ab00000,0x000000076e400000,0x000000076e400000)
  from space 5632K, 97% used [0x000000076e480000,0x000000076e9d8000,0x000000076ea00000)
  to   space 14848K, 0% used [0x000000076f280000,0x000000076f280000,0x0000000770100000)
 ParOldGen       total 125440K, used 52598K [0x00000006c0000000, 0x00000006c7a80000, 0x000000076ab00000)
  object space 125440K, 41% used [0x00000006c0000000,0x00000006c335d888,0x00000006c7a80000)
 Metaspace       used 24317K, capacity 24713K, committed 25136K, reserved 1071104K
  class space    used 2428K, capacity 2559K, committed 2608K, reserved 1048576K
Event: 349.484 GC heap after
Heap after GC invocations=33 (full 1):
 PSYoungGen      total 72192K, used 5408K [0x000000076ab00000, 0x0000000770080000, 0x00000007c0000000)
  eden space 57856K, 0% used [0x000000076ab00000,0x000000076ab00000,0x000000076e380000)
  from space 14336K, 37% used [0x000000076f280000,0x000000076f7c8000,0x0000000770080000)
  to   space 14848K, 0% used [0x000000076e380000,0x000000076e380000,0x000000076f200000)
 ParOldGen       total 125440K, used 52598K [0x00000006c0000000, 0x00000006c7a80000, 0x000000076ab00000)
  object space 125440K, 41% used [0x00000006c0000000,0x00000006c335d888,0x00000006c7a80000)
 Metaspace       used 24317K, capacity 24713K, committed 25136K, reserved 1071104K
  class space    used 2428K, capacity 2559K, committed 2608K, reserved 1048576K
}
Event: 358.850 GC heap before
{Heap before GC invocations=34 (full 1):
 PSYoungGen      total 72192K, used 63264K [0x000000076ab00000, 0x0000000770080000, 0x00000007c0000000)
  eden space 57856K, 100% used [0x000000076ab00000,0x000000076e380000,0x000000076e380000)
  from space 14336K, 37% used [0x000000076f280000,0x000000076f7c8000,0x0000000770080000)
  to   space 14848K, 0% used [0x000000076e380000,0x000000076e380000,0x000000076f200000)
 ParOldGen       total 125440K, used 52598K [0x00000006c0000000, 0x00000006c7a80000, 0x000000076ab00000)
  object space 125440K, 41% used [0x00000006c0000000,0x00000006c335d888,0x00000006c7a80000)
 Metaspace       used 24317K, capacity 24713K, committed 25136K, reserved 1071104K
  class space    used 2428K, capacity 2559K, committed 2608K, reserved 1048576K
Event: 358.858 GC heap after
Heap after GC invocations=34 (full 1):
 PSYoungGen      total 62976K, used 5344K [0x000000076ab00000, 0x000000076ff00000, 0x00000007c0000000)
  eden space 57344K, 0% used [0x000000076ab00000,0x000000076ab00000,0x000000076e300000)
  from space 5632K, 94% used [0x000000076e380000,0x000000076e8b8000,0x000000076e900000)
  to   space 14336K, 0% used [0x000000076f100000,0x000000076f100000,0x000000076ff00000)
 ParOldGen       total 125440K, used 52598K [0x00000006c0000000, 0x00000006c7a80000, 0x000000076ab00000)
  object space 125440K, 41% used [0x00000006c0000000,0x00000006c335d888,0x00000006c7a80000)
 Metaspace       used 24317K, capacity 24713K, committed 25136K, reserved 1071104K
  class space    used 2428K, capacity 2559K, committed 2608K, reserved 1048576K
}
Event: 368.130 GC heap before
{Heap before GC invocations=35 (full 1):
 PSYoungGen      total 62976K, used 62688K [0x000000076ab00000, 0x000000076ff00000, 0x00000007c0000000)
  eden space 57344K, 100% used [0x000000076ab00000,0x000000076e300000,0x000000076e300000)
  from space 5632K, 94% used [0x000000076e380000,0x000000076e8b8000,0x000000076e900000)
  to   space 14336K, 0% used [0x000000076f100000,0x000000076f100000,0x000000076ff00000)
 ParOldGen       total 125440K, used 52598K [0x00000006c0000000, 0x00000006c7a80000, 0x000000076ab00000)
  object space 125440K, 41% used [0x00000006c0000000,0x00000006c335d888,0x00000006c7a80000)
 Metaspace       used 24317K, capacity 24713K, committed 25136K, reserved 1071104K
  class space    used 2428K, capacity 2559K, committed 2608K, reserved 1048576K
Event: 368.137 GC heap after
Heap after GC invocations=35 (full 1):
 PSYoungGen      total 69632K, used 5312K [0x000000076ab00000, 0x000000076fd80000, 0x00000007c0000000)
  eden space 56832K, 0% used [0x000000076ab00000,0x000000076ab00000,0x000000076e280000)
  from space 12800K, 41% used [0x000000076f100000,0x000000076f630000,0x000000076fd80000)
  to   space 13824K, 0% used [0x000000076e280000,0x000000076e280000,0x000000076f000000)
 ParOldGen       total 125440K, used 52598K [0x00000006c0000000, 0x00000006c7a80000, 0x000000076ab00000)
  object space 125440K, 41% used [0x00000006c0000000,0x00000006c335d888,0x00000006c7a80000)
 Metaspace       used 24317K, capacity 24713K, committed 25136K, reserved 1071104K
  class space    used 2428K, capacity 2559K, committed 2608K, reserved 1048576K
}
Event: 377.320 GC heap before
{Heap before GC invocations=36 (full 1):
 PSYoungGen      total 69632K, used 62144K [0x000000076ab00000, 0x000000076fd80000, 0x00000007c0000000)
  eden space 56832K, 100% used [0x000000076ab00000,0x000000076e280000,0x000000076e280000)
  from space 12800K, 41% used [0x000000076f100000,0x000000076f630000,0x000000076fd80000)
  to   space 13824K, 0% used [0x000000076e280000,0x000000076e280000,0x000000076f000000)
 ParOldGen       total 125440K, used 52598K [0x00000006c0000000, 0x00000006c7a80000, 0x000000076ab00000)
  object space 125440K, 41% used [0x00000006c0000000,0x00000006c335d888,0x00000006c7a80000)
 Metaspace       used 24317K, capacity 24713K, committed 25136K, reserved 1071104K
  class space    used 2428K, capacity 2559K, committed 2608K, reserved 1048576K
Event: 377.326 GC heap after
Heap after GC invocations=36 (full 1):
 PSYoungGen      total 61952K, used 5312K [0x000000076ab00000, 0x000000076fc00000, 0x00000007c0000000)
  eden space 56320K, 0% used [0x000000076ab00000,0x000000076ab00000,0x000000076e200000)
  from space 5632K, 94% used [0x000000076e280000,0x000000076e7b0000,0x000000076e800000)
  to   space 13312K, 0% used [0x000000076ef00000,0x000000076ef00000,0x000000076fc00000)
 ParOldGen       total 125440K, used 52598K [0x00000006c0000000, 0x00000006c7a80000, 0x000000076ab00000)
  object space 125440K, 41% used [0x00000006c0000000,0x00000006c335d888,0x00000006c7a80000)
 Metaspace       used 24317K, capacity 24713K, committed 25136K, reserved 1071104K
  class space    used 2428K, capacity 2559K, committed 2608K, reserved 1048576K
}
Event: 386.438 GC heap before
{Heap before GC invocations=37 (full 1):
 PSYoungGen      total 61952K, used 61632K [0x000000076ab00000, 0x000000076fc00000, 0x00000007c0000000)
  eden space 56320K, 100% used [0x000000076ab00000,0x000000076e200000,0x000000076e200000)
  from space 5632K, 94% used [0x000000076e280000,0x000000076e7b0000,0x000000076e800000)
  to   space 13312K, 0% used [0x000000076ef00000,0x000000076ef00000,0x000000076fc00000)
 ParOldGen       total 125440K, used 52598K [0x00000006c0000000, 0x00000006c7a80000, 0x000000076ab00000)
  object space 125440K, 41% used [0x00000006c0000000,0x00000006c335d888,0x00000006c7a80000)
 Metaspace       used 24317K, capacity 24713K, committed 25136K, reserved 1071104K
  class space    used 2428K, capacity 2559K, committed 2608K, reserved 1048576K
Event: 386.443 GC heap after
Heap after GC invocations=37 (full 1):
 PSYoungGen      total 67584K, used 5248K [0x000000076ab00000, 0x000000076fa80000, 0x00000007c0000000)
  eden space 55808K, 0% used [0x000000076ab00000,0x000000076ab00000,0x000000076e180000)
  from space 11776K, 44% used [0x000000076ef00000,0x000000076f420000,0x000000076fa80000)
  to   space 12800K, 0% used [0x000000076e180000,0x000000076e180000,0x000000076ee00000)
 ParOldGen       total 125440K, used 52598K [0x00000006c0000000, 0x00000006c7a80000, 0x000000076ab00000)
  object space 125440K, 41% used [0x00000006c0000000,0x00000006c335d888,0x00000006c7a80000)
 Metaspace       used 24317K, capacity 24713K, committed 25136K, reserved 1071104K
  class space    used 2428K, capacity 2559K, committed 2608K, reserved 1048576K
}

