# JRE version: Java(TM) SE Runtime Environment (8.0_161-b12) (build 1.8.0_161-b12)
# Java VM: Java HotSpot(TM) 64-Bit Server VM (25.161-b12 mixed mode bsd-amd64 compressed oops)
Heap:
 PSYoungGen      total 88576K, used 28558K [0x000000076ab00000, 0x0000000771600000, 0x00000007c0000000)
  eden space 78848K, 24% used [0x000000076ab00000,0x000000076bd7f140,0x000000076f800000)
  from space 9728K, 98% used [0x0000000770c80000,0x00000007715e47c8,0x0000000771600000)
  to   space 14336K, 0% used [0x000000076fa00000,0x000000076fa00000,0x0000000770800000)
 ParOldGen       total 123904K, used 15606K [0x00000006c0000000, 0x00000006c7900000, 0x000000076ab00000)
  object space 123904K, 12% used [0x00000006c0000000,0x00000006c0f3dbd8,0x00000006c7900000)
 Metaspace       used 24499K, capacity 24881K, committed 25216K, reserved 1071104K
  class space    used 2453K, capacity 2593K, committed 2688K, reserved 1048576K
GC Heap History (10 events):
Event: 63.013 GC heap before
{Heap before GC invocations=7 (full 1):
 PSYoungGen      total 97280K, used 97168K [0x000000076ab00000, 0x0000000772f00000, 0x00000007c0000000)
  eden space 86528K, 100% used [0x000000076ab00000,0x000000076ff80000,0x000000076ff80000)
  from space 10752K, 98% used [0x000000076ff80000,0x00000007709e4150,0x0000000770a00000)
  to   space 15872K, 0% used [0x0000000771f80000,0x0000000771f80000,0x0000000772f00000)
 ParOldGen       total 123904K, used 14502K [0x00000006c0000000, 0x00000006c7900000, 0x000000076ab00000)
  object space 123904K, 11% used [0x00000006c0000000,0x00000006c0e29b88,0x00000006c7900000)
 Metaspace       used 24437K, capacity 24877K, committed 25216K, reserved 1071104K
  class space    used 2441K, capacity 2591K, committed 2688K, reserved 1048576K
Event: 63.026 GC heap after
Heap after GC invocations=7 (full 1):
 PSYoungGen      total 95744K, used 10655K [0x000000076ab00000, 0x0000000772a00000, 0x00000007c0000000)
  eden space 84992K, 0% used [0x000000076ab00000,0x000000076ab00000,0x000000076fe00000)
  from space 10752K, 99% used [0x0000000771f80000,0x00000007729e7f20,0x0000000772a00000)
  to   space 15360K, 0% used [0x0000000770c00000,0x0000000770c00000,0x0000000771b00000)
 ParOldGen       total 123904K, used 14510K [0x00000006c0000000, 0x00000006c7900000, 0x000000076ab00000)
  object space 123904K, 11% used [0x00000006c0000000,0x00000006c0e2bb88,0x00000006c7900000)
 Metaspace       used 24437K, capacity 24877K, committed 25216K, reserved 1071104K
  class space    used 2441K, capacity 2591K, committed 2688K, reserved 1048576K
}
Event: 81.115 GC heap before
{Heap before GC invocations=8 (full 1):
 PSYoungGen      total 95744K, used 95647K [0x000000076ab00000, 0x0000000772a00000, 0x00000007c0000000)
  eden space 84992K, 100% used [0x000000076ab00000,0x000000076fe00000,0x000000076fe00000)
  from space 10752K, 99% used [0x0000000771f80000,0x00000007729e7f20,0x0000000772a00000)
  to   space 15360K, 0% used [0x0000000770c00000,0x0000000770c00000,0x0000000771b00000)
 ParOldGen       total 123904K, used 14510K [0x00000006c0000000, 0x00000006c7900000, 0x000000076ab00000)
  object space 123904K, 11% used [0x00000006c0000000,0x00000006c0e2bb88,0x00000006c7900000)
 Metaspace       used 24437K, capacity 24877K, committed 25216K, reserved 1071104K
  class space    used 2441K, capacity 2591K, committed 2688K, reserved 1048576K
Event: 81.125 GC heap after
Heap after GC invocations=8 (full 1):
 PSYoungGen      total 94208K, used 10640K [0x000000076ab00000, 0x0000000772000000, 0x00000007c0000000)
  eden space 83456K, 0% used [0x000000076ab00000,0x000000076ab00000,0x000000076fc80000)
  from space 10752K, 98% used [0x0000000770c00000,0x0000000771664150,0x0000000771680000)
  to   space 9728K, 0% used [0x0000000771680000,0x0000000771680000,0x0000000772000000)
 ParOldGen       total 123904K, used 14510K [0x00000006c0000000, 0x00000006c7900000, 0x000000076ab00000)
  object space 123904K, 11% used [0x00000006c0000000,0x00000006c0e2bb88,0x00000006c7900000)
 Metaspace       used 24437K, capacity 24877K, committed 25216K, reserved 1071104K
  class space    used 2441K, capacity 2591K, committed 2688K, reserved 1048576K
}
Event: 99.040 GC heap before
{Heap before GC invocations=9 (full 1):
 PSYoungGen      total 94208K, used 94096K [0x000000076ab00000, 0x0000000772000000, 0x00000007c0000000)
  eden space 83456K, 100% used [0x000000076ab00000,0x000000076fc80000,0x000000076fc80000)
  from space 10752K, 98% used [0x0000000770c00000,0x0000000771664150,0x0000000771680000)
  to   space 9728K, 0% used [0x0000000771680000,0x0000000771680000,0x0000000772000000)
 ParOldGen       total 123904K, used 14510K [0x00000006c0000000, 0x00000006c7900000, 0x000000076ab00000)
  object space 123904K, 11% used [0x00000006c0000000,0x00000006c0e2bb88,0x00000006c7900000)
 Metaspace       used 24437K, capacity 24877K, committed 25216K, reserved 1071104K
  class space    used 2441K, capacity 2591K, committed 2688K, reserved 1048576K
Event: 99.054 GC heap after
Heap after GC invocations=9 (full 1):
 PSYoungGen      total 91648K, used 9600K [0x000000076ab00000, 0x0000000772000000, 0x00000007c0000000)
  eden space 81920K, 0% used [0x000000076ab00000,0x000000076ab00000,0x000000076fb00000)
  from space 9728K, 98% used [0x0000000771680000,0x0000000771fe0330,0x0000000772000000)
  to   space 14848K, 0% used [0x0000000770300000,0x0000000770300000,0x0000000771180000)
 ParOldGen       total 123904K, used 15606K [0x00000006c0000000, 0x00000006c7900000, 0x000000076ab00000)
  object space 123904K, 12% used [0x00000006c0000000,0x00000006c0f3dbd8,0x00000006c7900000)
 Metaspace       used 24437K, capacity 24877K, committed 25216K, reserved 1071104K
  class space    used 2441K, capacity 2591K, committed 2688K, reserved 1048576K
}
Event: 116.571 GC heap before
{Heap before GC invocations=10 (full 1):
 PSYoungGen      total 91648K, used 91520K [0x000000076ab00000, 0x0000000772000000, 0x00000007c0000000)
  eden space 81920K, 100% used [0x000000076ab00000,0x000000076fb00000,0x000000076fb00000)
  from space 9728K, 98% used [0x0000000771680000,0x0000000771fe0330,0x0000000772000000)
  to   space 14848K, 0% used [0x0000000770300000,0x0000000770300000,0x0000000771180000)
 ParOldGen       total 123904K, used 15606K [0x00000006c0000000, 0x00000006c7900000, 0x000000076ab00000)
  object space 123904K, 12% used [0x00000006c0000000,0x00000006c0f3dbd8,0x00000006c7900000)
 Metaspace       used 24437K, capacity 24877K, committed 25216K, reserved 1071104K
  class space    used 2441K, capacity 2591K, committed 2688K, reserved 1048576K
Event: 116.577 GC heap after
Heap after GC invocations=10 (full 1):
 PSYoungGen      total 90112K, used 9600K [0x000000076ab00000, 0x0000000771700000, 0x00000007c0000000)
  eden space 80384K, 0% used [0x000000076ab00000,0x000000076ab00000,0x000000076f980000)
  from space 9728K, 98% used [0x0000000770300000,0x0000000770c60330,0x0000000770c80000)
  to   space 10752K, 0% used [0x0000000770c80000,0x0000000770c80000,0x0000000771700000)
 ParOldGen       total 123904K, used 15606K [0x00000006c0000000, 0x00000006c7900000, 0x000000076ab00000)
  object space 123904K, 12% used [0x00000006c0000000,0x00000006c0f3dbd8,0x00000006c7900000)
 Metaspace       used 24437K, capacity 24877K, committed 25216K, reserved 1071104K
  class space    used 2441K, capacity 2591K, committed 2688K, reserved 1048576K
}
Event: 133.640 GC heap before
{Heap before GC invocations=11 (full 1):
 PSYoungGen      total 90112K, used 89984K [0x000000076ab00000, 0x0000000771700000, 0x00000007c0000000)
  eden space 80384K, 100% used [0x000000076ab00000,0x000000076f980000,0x000000076f980000)
  from space 9728K, 98% used [0x0000000770300000,0x0000000770c60330,0x0000000770c80000)
  to   space 10752K, 0% used [0x0000000770c80000,0x0000000770c80000,0x0000000771700000)
 ParOldGen       total 123904K, used 15606K [0x00000006c0000000, 0x00000006c7900000, 0x000000076ab00000)
  object space 123904K, 12% used [0x00000006c0000000,0x00000006c0f3dbd8,0x00000006c7900000)
 Metaspace       used 24439K, capacity 24877K, committed 25216K, reserved 1071104K
  class space    used 2441K, capacity 2591K, committed 2688K, reserved 1048576K
Event: 133.645 GC heap after
Heap after GC invocations=11 (full 1):
 PSYoungGen      total 88576K, used 9617K [0x000000076ab00000, 0x0000000771600000, 0x00000007c0000000)
  eden space 78848K, 0% used [0x000000076ab00000,0x000000076ab00000,0x000000076f800000)
  from space 9728K, 98% used [0x0000000770c80000,0x00000007715e47c8,0x0000000771600000)
  to   space 14336K, 0% used [0x000000076fa00000,0x000000076fa00000,0x0000000770800000)
 ParOldGen       total 123904K, used 15606K [0x00000006c0000000, 0x00000006c7900000, 0x000000076ab00000)
  object space 123904K, 12% used [0x00000006c0000000,0x00000006c0f3dbd8,0x00000006c7900000)
 Metaspace       used 24439K, capacity 24877K, committed 25216K, reserved 1071104K
  class space    used 2441K, capacity 2591K, committed 2688K, reserved 1048576K
}

