# JRE version: Java(TM) SE Runtime Environment (8.0_161-b12) (build 1.8.0_161-b12)
# Java VM: Java HotSpot(TM) 64-Bit Server VM (25.161-b12 mixed mode bsd-amd64 compressed oops)
Heap:
 PSYoungGen      total 76288K, used 24154K [0x000000076ab00000, 0x0000000771280000, 0x00000007c0000000)
  eden space 65536K, 20% used [0x000000076ab00000,0x000000076b81dfc0,0x000000076eb00000)
  from space 10752K, 99% used [0x000000076f580000,0x000000076fff88a8,0x0000000770000000)
  to   space 10752K, 0% used [0x000000076eb00000,0x000000076eb00000,0x000000076f580000)
 ParOldGen       total 125952K, used 13842K [0x00000006c0000000, 0x00000006c7b00000, 0x000000076ab00000)
  object space 125952K, 10% used [0x00000006c0000000,0x00000006c0d84838,0x00000006c7b00000)
 Metaspace       used 24122K, capacity 24557K, committed 24960K, reserved 1071104K
  class space    used 2440K, capacity 2593K, committed 2688K, reserved 1048576K
GC Heap History (6 events):
Event: 3.255 GC heap before
{Heap before GC invocations=1 (full 0):
 PSYoungGen      total 76288K, used 60042K [0x000000076ab00000, 0x0000000770000000, 0x00000007c0000000)
  eden space 65536K, 91% used [0x000000076ab00000,0x000000076e5a2838,0x000000076eb00000)
  from space 10752K, 0% used [0x000000076f580000,0x000000076f580000,0x0000000770000000)
  to   space 10752K, 0% used [0x000000076eb00000,0x000000076eb00000,0x000000076f580000)
 ParOldGen       total 175104K, used 0K [0x00000006c0000000, 0x00000006cab00000, 0x000000076ab00000)
  object space 175104K, 0% used [0x00000006c0000000,0x00000006c0000000,0x00000006cab00000)
 Metaspace       used 20588K, capacity 21011K, committed 21248K, reserved 1069056K
  class space    used 2142K, capacity 2294K, committed 2304K, reserved 1048576K
Event: 3.265 GC heap after
Heap after GC invocations=1 (full 0):
 PSYoungGen      total 76288K, used 9585K [0x000000076ab00000, 0x0000000770000000, 0x00000007c0000000)
  eden space 65536K, 0% used [0x000000076ab00000,0x000000076ab00000,0x000000076eb00000)
  from space 10752K, 89% used [0x000000076eb00000,0x000000076f45c5b8,0x000000076f580000)
  to   space 10752K, 0% used [0x000000076f580000,0x000000076f580000,0x0000000770000000)
 ParOldGen       total 175104K, used 24K [0x00000006c0000000, 0x00000006cab00000, 0x000000076ab00000)
  object space 175104K, 0% used [0x00000006c0000000,0x00000006c0006000,0x00000006cab00000)
 Metaspace       used 20588K, capacity 21011K, committed 21248K, reserved 1069056K
  class space    used 2142K, capacity 2294K, committed 2304K, reserved 1048576K
}
Event: 3.265 GC heap before
{Heap before GC invocations=2 (full 1):
 PSYoungGen      total 76288K, used 9585K [0x000000076ab00000, 0x0000000770000000, 0x00000007c0000000)
  eden space 65536K, 0% used [0x000000076ab00000,0x000000076ab00000,0x000000076eb00000)
  from space 10752K, 89% used [0x000000076eb00000,0x000000076f45c5b8,0x000000076f580000)
  to   space 10752K, 0% used [0x000000076f580000,0x000000076f580000,0x0000000770000000)
 ParOldGen       total 175104K, used 24K [0x00000006c0000000, 0x00000006cab00000, 0x000000076ab00000)
  object space 175104K, 0% used [0x00000006c0000000,0x00000006c0006000,0x00000006cab00000)
 Metaspace       used 20588K, capacity 21011K, committed 21248K, reserved 1069056K
  class space    used 2142K, capacity 2294K, committed 2304K, reserved 1048576K
Event: 3.295 GC heap after
Heap after GC invocations=2 (full 1):
 PSYoungGen      total 76288K, used 0K [0x000000076ab00000, 0x0000000770000000, 0x00000007c0000000)
  eden space 65536K, 0% used [0x000000076ab00000,0x000000076ab00000,0x000000076eb00000)
  from space 10752K, 0% used [0x000000076eb00000,0x000000076eb00000,0x000000076f580000)
  to   space 10752K, 0% used [0x000000076f580000,0x000000076f580000,0x0000000770000000)
 ParOldGen       total 125952K, used 9291K [0x00000006c0000000, 0x00000006c7b00000, 0x000000076ab00000)
  object space 125952K, 7% used [0x00000006c0000000,0x00000006c0912e68,0x00000006c7b00000)
 Metaspace       used 20588K, capacity 21011K, committed 21248K, reserved 1069056K
  class space    used 2142K, capacity 2294K, committed 2304K, reserved 1048576K
}
Event: 5.877 GC heap before
{Heap before GC invocations=3 (full 1):
 PSYoungGen      total 76288K, used 65536K [0x000000076ab00000, 0x0000000770000000, 0x00000007c0000000)
  eden space 65536K, 100% used [0x000000076ab00000,0x000000076eb00000,0x000000076eb00000)
  from space 10752K, 0% used [0x000000076eb00000,0x000000076eb00000,0x000000076f580000)
  to   space 10752K, 0% used [0x000000076f580000,0x000000076f580000,0x0000000770000000)
 ParOldGen       total 125952K, used 9291K [0x00000006c0000000, 0x00000006c7b00000, 0x000000076ab00000)
  object space 125952K, 7% used [0x00000006c0000000,0x00000006c0912e68,0x00000006c7b00000)
 Metaspace       used 23924K, capacity 24319K, committed 24576K, reserved 1071104K
  class space    used 2426K, capacity 2558K, committed 2560K, reserved 1048576K
Event: 5.889 GC heap after
Heap after GC invocations=3 (full 1):
 PSYoungGen      total 76288K, used 10722K [0x000000076ab00000, 0x0000000771280000, 0x00000007c0000000)
  eden space 65536K, 0% used [0x000000076ab00000,0x000000076ab00000,0x000000076eb00000)
  from space 10752K, 99% used [0x000000076f580000,0x000000076fff88a8,0x0000000770000000)
  to   space 10752K, 0% used [0x000000076eb00000,0x000000076eb00000,0x000000076f580000)
 ParOldGen       total 125952K, used 13842K [0x00000006c0000000, 0x00000006c7b00000, 0x000000076ab00000)
  object space 125952K, 10% used [0x00000006c0000000,0x00000006c0d84838,0x00000006c7b00000)
 Metaspace       used 23924K, capacity 24319K, committed 24576K, reserved 1071104K
  class space    used 2426K, capacity 2558K, committed 2560K, reserved 1048576K
}

