# JRE version: Java(TM) SE Runtime Environment (8.0_161-b12) (build 1.8.0_161-b12)
# Java VM: Java HotSpot(TM) 64-Bit Server VM (25.161-b12 mixed mode bsd-amd64 compressed oops)
Heap:
 PSYoungGen      total 67072K, used 54562K [0x000000076ab00000, 0x000000076f980000, 0x00000007c0000000)
  eden space 55808K, 97% used [0x000000076ab00000,0x000000076e018820,0x000000076e180000)
  from space 11264K, 1% used [0x000000076ee80000,0x000000076eeb0000,0x000000076f980000)
  to   space 12288K, 0% used [0x000000076e180000,0x000000076e180000,0x000000076ed80000)
 ParOldGen       total 123904K, used 25259K [0x00000006c0000000, 0x00000006c7900000, 0x000000076ab00000)
  object space 123904K, 20% used [0x00000006c0000000,0x00000006c18aaca0,0x00000006c7900000)
 Metaspace       used 24508K, capacity 24935K, committed 25136K, reserved 1071104K
  class space    used 2452K, capacity 2592K, committed 2608K, reserved 1048576K
GC Heap History (10 events):
Event: 336.053 GC heap before
{Heap before GC invocations=29 (full 1):
 PSYoungGen      total 58880K, used 58464K [0x000000076ab00000, 0x0000000770200000, 0x00000007c0000000)
  eden space 58368K, 100% used [0x000000076ab00000,0x000000076e400000,0x000000076e400000)
  from space 512K, 18% used [0x000000076e480000,0x000000076e498000,0x000000076e500000)
  to   space 15360K, 0% used [0x000000076f300000,0x000000076f300000,0x0000000770200000)
 ParOldGen       total 123904K, used 25259K [0x00000006c0000000, 0x00000006c7900000, 0x000000076ab00000)
  object space 123904K, 20% used [0x00000006c0000000,0x00000006c18aaca0,0x00000006c7900000)
 Metaspace       used 24444K, capacity 24867K, committed 25136K, reserved 1071104K
  class space    used 2440K, capacity 2590K, committed 2608K, reserved 1048576K
Event: 336.055 GC heap after
Heap after GC invocations=29 (full 1):
 PSYoungGen      total 71680K, used 96K [0x000000076ab00000, 0x0000000770080000, 0x00000007c0000000)
  eden space 57856K, 0% used [0x000000076ab00000,0x000000076ab00000,0x000000076e380000)
  from space 13824K, 0% used [0x000000076f300000,0x000000076f318000,0x0000000770080000)
  to   space 14848K, 0% used [0x000000076e380000,0x000000076e380000,0x000000076f200000)
 ParOldGen       total 123904K, used 25259K [0x00000006c0000000, 0x00000006c7900000, 0x000000076ab00000)
  object space 123904K, 20% used [0x00000006c0000000,0x00000006c18aaca0,0x00000006c7900000)
 Metaspace       used 24444K, capacity 24867K, committed 25136K, reserved 1071104K
  class space    used 2440K, capacity 2590K, committed 2608K, reserved 1048576K
}
Event: 350.703 GC heap before
{Heap before GC invocations=30 (full 1):
 PSYoungGen      total 71680K, used 57952K [0x000000076ab00000, 0x0000000770080000, 0x00000007c0000000)
  eden space 57856K, 100% used [0x000000076ab00000,0x000000076e380000,0x000000076e380000)
  from space 13824K, 0% used [0x000000076f300000,0x000000076f318000,0x0000000770080000)
  to   space 14848K, 0% used [0x000000076e380000,0x000000076e380000,0x000000076f200000)
 ParOldGen       total 123904K, used 25259K [0x00000006c0000000, 0x00000006c7900000, 0x000000076ab00000)
  object space 123904K, 20% used [0x00000006c0000000,0x00000006c18aaca0,0x00000006c7900000)
 Metaspace       used 24444K, capacity 24867K, committed 25136K, reserved 1071104K
  class space    used 2440K, capacity 2590K, committed 2608K, reserved 1048576K
Event: 350.709 GC heap after
Heap after GC invocations=30 (full 1):
 PSYoungGen      total 57856K, used 192K [0x000000076ab00000, 0x000000076ff00000, 0x00000007c0000000)
  eden space 57344K, 0% used [0x000000076ab00000,0x000000076ab00000,0x000000076e300000)
  from space 512K, 37% used [0x000000076e380000,0x000000076e3b0000,0x000000076e400000)
  to   space 14336K, 0% used [0x000000076f100000,0x000000076f100000,0x000000076ff00000)
 ParOldGen       total 123904K, used 25259K [0x00000006c0000000, 0x00000006c7900000, 0x000000076ab00000)
  object space 123904K, 20% used [0x00000006c0000000,0x00000006c18aaca0,0x00000006c7900000)
 Metaspace       used 24444K, capacity 24867K, committed 25136K, reserved 1071104K
  class space    used 2440K, capacity 2590K, committed 2608K, reserved 1048576K
}
Event: 366.040 GC heap before
{Heap before GC invocations=31 (full 1):
 PSYoungGen      total 57856K, used 57536K [0x000000076ab00000, 0x000000076ff00000, 0x00000007c0000000)
  eden space 57344K, 100% used [0x000000076ab00000,0x000000076e300000,0x000000076e300000)
  from space 512K, 37% used [0x000000076e380000,0x000000076e3b0000,0x000000076e400000)
  to   space 14336K, 0% used [0x000000076f100000,0x000000076f100000,0x000000076ff00000)
 ParOldGen       total 123904K, used 25259K [0x00000006c0000000, 0x00000006c7900000, 0x000000076ab00000)
  object space 123904K, 20% used [0x00000006c0000000,0x00000006c18aaca0,0x00000006c7900000)
 Metaspace       used 24444K, capacity 24867K, committed 25136K, reserved 1071104K
  class space    used 2440K, capacity 2590K, committed 2608K, reserved 1048576K
Event: 366.052 GC heap after
Heap after GC invocations=31 (full 1):
 PSYoungGen      total 68608K, used 192K [0x000000076ab00000, 0x000000076fc80000, 0x00000007c0000000)
  eden space 56832K, 0% used [0x000000076ab00000,0x000000076ab00000,0x000000076e280000)
  from space 11776K, 1% used [0x000000076f100000,0x000000076f130000,0x000000076fc80000)
  to   space 13312K, 0% used [0x000000076e280000,0x000000076e280000,0x000000076ef80000)
 ParOldGen       total 123904K, used 25259K [0x00000006c0000000, 0x00000006c7900000, 0x000000076ab00000)
  object space 123904K, 20% used [0x00000006c0000000,0x00000006c18aaca0,0x00000006c7900000)
 Metaspace       used 24444K, capacity 24867K, committed 25136K, reserved 1071104K
  class space    used 2440K, capacity 2590K, committed 2608K, reserved 1048576K
}
Event: 383.773 GC heap before
{Heap before GC invocations=32 (full 1):
 PSYoungGen      total 68608K, used 57024K [0x000000076ab00000, 0x000000076fc80000, 0x00000007c0000000)
  eden space 56832K, 100% used [0x000000076ab00000,0x000000076e280000,0x000000076e280000)
  from space 11776K, 1% used [0x000000076f100000,0x000000076f130000,0x000000076fc80000)
  to   space 13312K, 0% used [0x000000076e280000,0x000000076e280000,0x000000076ef80000)
 ParOldGen       total 123904K, used 25259K [0x00000006c0000000, 0x00000006c7900000, 0x000000076ab00000)
  object space 123904K, 20% used [0x00000006c0000000,0x00000006c18aaca0,0x00000006c7900000)
 Metaspace       used 24444K, capacity 24867K, committed 25136K, reserved 1071104K
  class space    used 2440K, capacity 2590K, committed 2608K, reserved 1048576K
Event: 383.775 GC heap after
Heap after GC invocations=32 (full 1):
 PSYoungGen      total 56832K, used 160K [0x000000076ab00000, 0x000000076fb00000, 0x00000007c0000000)
  eden space 56320K, 0% used [0x000000076ab00000,0x000000076ab00000,0x000000076e200000)
  from space 512K, 31% used [0x000000076e280000,0x000000076e2a8000,0x000000076e300000)
  to   space 12800K, 0% used [0x000000076ee80000,0x000000076ee80000,0x000000076fb00000)
 ParOldGen       total 123904K, used 25259K [0x00000006c0000000, 0x00000006c7900000, 0x000000076ab00000)
  object space 123904K, 20% used [0x00000006c0000000,0x00000006c18aaca0,0x00000006c7900000)
 Metaspace       used 24444K, capacity 24867K, committed 25136K, reserved 1071104K
  class space    used 2440K, capacity 2590K, committed 2608K, reserved 1048576K
}
Event: 401.872 GC heap before
{Heap before GC invocations=33 (full 1):
 PSYoungGen      total 56832K, used 56480K [0x000000076ab00000, 0x000000076fb00000, 0x00000007c0000000)
  eden space 56320K, 100% used [0x000000076ab00000,0x000000076e200000,0x000000076e200000)
  from space 512K, 31% used [0x000000076e280000,0x000000076e2a8000,0x000000076e300000)
  to   space 12800K, 0% used [0x000000076ee80000,0x000000076ee80000,0x000000076fb00000)
 ParOldGen       total 123904K, used 25259K [0x00000006c0000000, 0x00000006c7900000, 0x000000076ab00000)
  object space 123904K, 20% used [0x00000006c0000000,0x00000006c18aaca0,0x00000006c7900000)
 Metaspace       used 24444K, capacity 24867K, committed 25136K, reserved 1071104K
  class space    used 2440K, capacity 2590K, committed 2608K, reserved 1048576K
Event: 401.880 GC heap after
Heap after GC invocations=33 (full 1):
 PSYoungGen      total 67072K, used 192K [0x000000076ab00000, 0x000000076f980000, 0x00000007c0000000)
  eden space 55808K, 0% used [0x000000076ab00000,0x000000076ab00000,0x000000076e180000)
  from space 11264K, 1% used [0x000000076ee80000,0x000000076eeb0000,0x000000076f980000)
  to   space 12288K, 0% used [0x000000076e180000,0x000000076e180000,0x000000076ed80000)
 ParOldGen       total 123904K, used 25259K [0x00000006c0000000, 0x00000006c7900000, 0x000000076ab00000)
  object space 123904K, 20% used [0x00000006c0000000,0x00000006c18aaca0,0x00000006c7900000)
 Metaspace       used 24444K, capacity 24867K, committed 25136K, reserved 1071104K
  class space    used 2440K, capacity 2590K, committed 2608K, reserved 1048576K
}

