# JRE version: Java(TM) SE Runtime Environment (8.0_161-b12) (build 1.8.0_161-b12)
# Java VM: Java HotSpot(TM) 64-Bit Server VM (25.161-b12 mixed mode bsd-amd64 compressed oops)
Heap:
 PSYoungGen      total 76288K, used 56984K [0x000000076ab00000, 0x0000000771780000, 0x00000007c0000000)
  eden space 65536K, 70% used [0x000000076ab00000,0x000000076d8295d0,0x000000076eb00000)
  from space 10752K, 99% used [0x000000076f580000,0x000000076fffcad8,0x0000000770000000)
  to   space 10752K, 0% used [0x000000076eb00000,0x000000076eb00000,0x000000076f580000)
 ParOldGen       total 124416K, used 14964K [0x00000006c0000000, 0x00000006c7980000, 0x000000076ab00000)
  object space 124416K, 12% used [0x00000006c0000000,0x00000006c0e9d028,0x00000006c7980000)
 Metaspace       used 24318K, capacity 24745K, committed 25216K, reserved 1071104K
  class space    used 2442K, capacity 2593K, committed 2688K, reserved 1048576K
GC Heap History (6 events):
Event: 3.379 GC heap before
{Heap before GC invocations=1 (full 0):
 PSYoungGen      total 76288K, used 61253K [0x000000076ab00000, 0x0000000770000000, 0x00000007c0000000)
  eden space 65536K, 93% used [0x000000076ab00000,0x000000076e6d16a8,0x000000076eb00000)
  from space 10752K, 0% used [0x000000076f580000,0x000000076f580000,0x0000000770000000)
  to   space 10752K, 0% used [0x000000076eb00000,0x000000076eb00000,0x000000076f580000)
 ParOldGen       total 175104K, used 0K [0x00000006c0000000, 0x00000006cab00000, 0x000000076ab00000)
  object space 175104K, 0% used [0x00000006c0000000,0x00000006c0000000,0x00000006cab00000)
 Metaspace       used 20587K, capacity 21007K, committed 21248K, reserved 1069056K
  class space    used 2146K, capacity 2294K, committed 2304K, reserved 1048576K
Event: 3.389 GC heap after
Heap after GC invocations=1 (full 0):
 PSYoungGen      total 76288K, used 9609K [0x000000076ab00000, 0x0000000770000000, 0x00000007c0000000)
  eden space 65536K, 0% used [0x000000076ab00000,0x000000076ab00000,0x000000076eb00000)
  from space 10752K, 89% used [0x000000076eb00000,0x000000076f462738,0x000000076f580000)
  to   space 10752K, 0% used [0x000000076f580000,0x000000076f580000,0x0000000770000000)
 ParOldGen       total 175104K, used 24K [0x00000006c0000000, 0x00000006cab00000, 0x000000076ab00000)
  object space 175104K, 0% used [0x00000006c0000000,0x00000006c0006000,0x00000006cab00000)
 Metaspace       used 20587K, capacity 21007K, committed 21248K, reserved 1069056K
  class space    used 2146K, capacity 2294K, committed 2304K, reserved 1048576K
}
Event: 3.389 GC heap before
{Heap before GC invocations=2 (full 1):
 PSYoungGen      total 76288K, used 9609K [0x000000076ab00000, 0x0000000770000000, 0x00000007c0000000)
  eden space 65536K, 0% used [0x000000076ab00000,0x000000076ab00000,0x000000076eb00000)
  from space 10752K, 89% used [0x000000076eb00000,0x000000076f462738,0x000000076f580000)
  to   space 10752K, 0% used [0x000000076f580000,0x000000076f580000,0x0000000770000000)
 ParOldGen       total 175104K, used 24K [0x00000006c0000000, 0x00000006cab00000, 0x000000076ab00000)
  object space 175104K, 0% used [0x00000006c0000000,0x00000006c0006000,0x00000006cab00000)
 Metaspace       used 20587K, capacity 21007K, committed 21248K, reserved 1069056K
  class space    used 2146K, capacity 2294K, committed 2304K, reserved 1048576K
Event: 3.417 GC heap after
Heap after GC invocations=2 (full 1):
 PSYoungGen      total 76288K, used 0K [0x000000076ab00000, 0x0000000770000000, 0x00000007c0000000)
  eden space 65536K, 0% used [0x000000076ab00000,0x000000076ab00000,0x000000076eb00000)
  from space 10752K, 0% used [0x000000076eb00000,0x000000076eb00000,0x000000076f580000)
  to   space 10752K, 0% used [0x000000076f580000,0x000000076f580000,0x0000000770000000)
 ParOldGen       total 124416K, used 9375K [0x00000006c0000000, 0x00000006c7980000, 0x000000076ab00000)
  object space 124416K, 7% used [0x00000006c0000000,0x00000006c0927e68,0x00000006c7980000)
 Metaspace       used 20587K, capacity 21007K, committed 21248K, reserved 1069056K
  class space    used 2146K, capacity 2294K, committed 2304K, reserved 1048576K
}
Event: 5.168 GC heap before
{Heap before GC invocations=3 (full 1):
 PSYoungGen      total 76288K, used 65536K [0x000000076ab00000, 0x0000000770000000, 0x00000007c0000000)
  eden space 65536K, 100% used [0x000000076ab00000,0x000000076eb00000,0x000000076eb00000)
  from space 10752K, 0% used [0x000000076eb00000,0x000000076eb00000,0x000000076f580000)
  to   space 10752K, 0% used [0x000000076f580000,0x000000076f580000,0x0000000770000000)
 ParOldGen       total 124416K, used 9375K [0x00000006c0000000, 0x00000006c7980000, 0x000000076ab00000)
  object space 124416K, 7% used [0x00000006c0000000,0x00000006c0927e68,0x00000006c7980000)
 Metaspace       used 23856K, capacity 24251K, committed 24576K, reserved 1071104K
  class space    used 2429K, capacity 2558K, committed 2560K, reserved 1048576K
Event: 5.180 GC heap after
Heap after GC invocations=3 (full 1):
 PSYoungGen      total 76288K, used 10738K [0x000000076ab00000, 0x0000000771780000, 0x00000007c0000000)
  eden space 65536K, 0% used [0x000000076ab00000,0x000000076ab00000,0x000000076eb00000)
  from space 10752K, 99% used [0x000000076f580000,0x000000076fffcad8,0x0000000770000000)
  to   space 10752K, 0% used [0x000000076eb00000,0x000000076eb00000,0x000000076f580000)
 ParOldGen       total 124416K, used 14964K [0x00000006c0000000, 0x00000006c7980000, 0x000000076ab00000)
  object space 124416K, 12% used [0x00000006c0000000,0x00000006c0e9d028,0x00000006c7980000)
 Metaspace       used 23856K, capacity 24251K, committed 24576K, reserved 1071104K
  class space    used 2429K, capacity 2558K, committed 2560K, reserved 1048576K
}

