# JRE version: Java(TM) SE Runtime Environment (8.0_161-b12) (build 1.8.0_161-b12)
# Java VM: Java HotSpot(TM) 64-Bit Server VM (25.161-b12 mixed mode bsd-amd64 compressed oops)
Heap:
 PSYoungGen      total 92160K, used 21990K [0x000000076ab00000, 0x0000000771200000, 0x00000007c0000000)
  eden space 81408K, 13% used [0x000000076ab00000,0x000000076b615360,0x000000076fa80000)
  from space 10752K, 98% used [0x0000000770780000,0x00000007711e4848,0x0000000771200000)
  to   space 10752K, 0% used [0x000000076fd00000,0x000000076fd00000,0x0000000770780000)
 ParOldGen       total 124416K, used 14340K [0x00000006c0000000, 0x00000006c7980000, 0x000000076ab00000)
  object space 124416K, 11% used [0x00000006c0000000,0x00000006c0e01288,0x00000006c7980000)
 Metaspace       used 24327K, capacity 24761K, committed 25216K, reserved 1071104K
  class space    used 2444K, capacity 2597K, committed 2688K, reserved 1048576K
GC Heap History (10 events):
Event: 3.435 GC heap before
{Heap before GC invocations=1 (full 0):
 PSYoungGen      total 76288K, used 61300K [0x000000076ab00000, 0x0000000770000000, 0x00000007c0000000)
  eden space 65536K, 93% used [0x000000076ab00000,0x000000076e6dd2d0,0x000000076eb00000)
  from space 10752K, 0% used [0x000000076f580000,0x000000076f580000,0x0000000770000000)
  to   space 10752K, 0% used [0x000000076eb00000,0x000000076eb00000,0x000000076f580000)
 ParOldGen       total 175104K, used 0K [0x00000006c0000000, 0x00000006cab00000, 0x000000076ab00000)
  object space 175104K, 0% used [0x00000006c0000000,0x00000006c0000000,0x00000006cab00000)
 Metaspace       used 20594K, capacity 21011K, committed 21248K, reserved 1069056K
  class space    used 2149K, capacity 2294K, committed 2304K, reserved 1048576K
Event: 3.444 GC heap after
Heap after GC invocations=1 (full 0):
 PSYoungGen      total 76288K, used 9687K [0x000000076ab00000, 0x0000000770000000, 0x00000007c0000000)
  eden space 65536K, 0% used [0x000000076ab00000,0x000000076ab00000,0x000000076eb00000)
  from space 10752K, 90% used [0x000000076eb00000,0x000000076f475c88,0x000000076f580000)
  to   space 10752K, 0% used [0x000000076f580000,0x000000076f580000,0x0000000770000000)
 ParOldGen       total 175104K, used 24K [0x00000006c0000000, 0x00000006cab00000, 0x000000076ab00000)
  object space 175104K, 0% used [0x00000006c0000000,0x00000006c0006000,0x00000006cab00000)
 Metaspace       used 20594K, capacity 21011K, committed 21248K, reserved 1069056K
  class space    used 2149K, capacity 2294K, committed 2304K, reserved 1048576K
}
Event: 3.444 GC heap before
{Heap before GC invocations=2 (full 1):
 PSYoungGen      total 76288K, used 9687K [0x000000076ab00000, 0x0000000770000000, 0x00000007c0000000)
  eden space 65536K, 0% used [0x000000076ab00000,0x000000076ab00000,0x000000076eb00000)
  from space 10752K, 90% used [0x000000076eb00000,0x000000076f475c88,0x000000076f580000)
  to   space 10752K, 0% used [0x000000076f580000,0x000000076f580000,0x0000000770000000)
 ParOldGen       total 175104K, used 24K [0x00000006c0000000, 0x00000006cab00000, 0x000000076ab00000)
  object space 175104K, 0% used [0x00000006c0000000,0x00000006c0006000,0x00000006cab00000)
 Metaspace       used 20594K, capacity 21011K, committed 21248K, reserved 1069056K
  class space    used 2149K, capacity 2294K, committed 2304K, reserved 1048576K
Event: 3.472 GC heap after
Heap after GC invocations=2 (full 1):
 PSYoungGen      total 76288K, used 0K [0x000000076ab00000, 0x0000000770000000, 0x00000007c0000000)
  eden space 65536K, 0% used [0x000000076ab00000,0x000000076ab00000,0x000000076eb00000)
  from space 10752K, 0% used [0x000000076eb00000,0x000000076eb00000,0x000000076f580000)
  to   space 10752K, 0% used [0x000000076f580000,0x000000076f580000,0x0000000770000000)
 ParOldGen       total 124416K, used 9382K [0x00000006c0000000, 0x00000006c7980000, 0x000000076ab00000)
  object space 124416K, 7% used [0x00000006c0000000,0x00000006c09298e8,0x00000006c7980000)
 Metaspace       used 20594K, capacity 21011K, committed 21248K, reserved 1069056K
  class space    used 2149K, capacity 2294K, committed 2304K, reserved 1048576K
}
Event: 6.227 GC heap before
{Heap before GC invocations=3 (full 1):
 PSYoungGen      total 76288K, used 65536K [0x000000076ab00000, 0x0000000770000000, 0x00000007c0000000)
  eden space 65536K, 100% used [0x000000076ab00000,0x000000076eb00000,0x000000076eb00000)
  from space 10752K, 0% used [0x000000076eb00000,0x000000076eb00000,0x000000076f580000)
  to   space 10752K, 0% used [0x000000076f580000,0x000000076f580000,0x0000000770000000)
 ParOldGen       total 124416K, used 9382K [0x00000006c0000000, 0x00000006c7980000, 0x000000076ab00000)
  object space 124416K, 7% used [0x00000006c0000000,0x00000006c09298e8,0x00000006c7980000)
 Metaspace       used 23835K, capacity 24267K, committed 24704K, reserved 1071104K
  class space    used 2431K, capacity 2562K, committed 2688K, reserved 1048576K
Event: 6.245 GC heap after
Heap after GC invocations=3 (full 1):
 PSYoungGen      total 76288K, used 10722K [0x000000076ab00000, 0x0000000771700000, 0x00000007c0000000)
  eden space 65536K, 0% used [0x000000076ab00000,0x000000076ab00000,0x000000076eb00000)
  from space 10752K, 99% used [0x000000076f580000,0x000000076fff8858,0x0000000770000000)
  to   space 10752K, 0% used [0x000000076eb00000,0x000000076eb00000,0x000000076f580000)
 ParOldGen       total 124416K, used 14324K [0x00000006c0000000, 0x00000006c7980000, 0x000000076ab00000)
  object space 124416K, 11% used [0x00000006c0000000,0x00000006c0dfd288,0x00000006c7980000)
 Metaspace       used 23835K, capacity 24267K, committed 24704K, reserved 1071104K
  class space    used 2431K, capacity 2562K, committed 2688K, reserved 1048576K
}
Event: 17.176 GC heap before
{Heap before GC invocations=4 (full 1):
 PSYoungGen      total 76288K, used 76258K [0x000000076ab00000, 0x0000000771700000, 0x00000007c0000000)
  eden space 65536K, 100% used [0x000000076ab00000,0x000000076eb00000,0x000000076eb00000)
  from space 10752K, 99% used [0x000000076f580000,0x000000076fff8858,0x0000000770000000)
  to   space 10752K, 0% used [0x000000076eb00000,0x000000076eb00000,0x000000076f580000)
 ParOldGen       total 124416K, used 14324K [0x00000006c0000000, 0x00000006c7980000, 0x000000076ab00000)
  object space 124416K, 11% used [0x00000006c0000000,0x00000006c0dfd288,0x00000006c7980000)
 Metaspace       used 24262K, capacity 24661K, committed 25216K, reserved 1071104K
  class space    used 2431K, capacity 2563K, committed 2688K, reserved 1048576K
Event: 17.180 GC heap after
Heap after GC invocations=4 (full 1):
 PSYoungGen      total 76288K, used 10640K [0x000000076ab00000, 0x0000000771200000, 0x00000007c0000000)
  eden space 65536K, 0% used [0x000000076ab00000,0x000000076ab00000,0x000000076eb00000)
  from space 10752K, 98% used [0x000000076eb00000,0x000000076f564160,0x000000076f580000)
  to   space 10752K, 0% used [0x0000000770780000,0x0000000770780000,0x0000000771200000)
 ParOldGen       total 124416K, used 14332K [0x00000006c0000000, 0x00000006c7980000, 0x000000076ab00000)
  object space 124416K, 11% used [0x00000006c0000000,0x00000006c0dff288,0x00000006c7980000)
 Metaspace       used 24262K, capacity 24661K, committed 25216K, reserved 1071104K
  class space    used 2431K, capacity 2563K, committed 2688K, reserved 1048576K
}
Event: 28.730 GC heap before
{Heap before GC invocations=5 (full 1):
 PSYoungGen      total 76288K, used 76176K [0x000000076ab00000, 0x0000000771200000, 0x00000007c0000000)
  eden space 65536K, 100% used [0x000000076ab00000,0x000000076eb00000,0x000000076eb00000)
  from space 10752K, 98% used [0x000000076eb00000,0x000000076f564160,0x000000076f580000)
  to   space 10752K, 0% used [0x0000000770780000,0x0000000770780000,0x0000000771200000)
 ParOldGen       total 124416K, used 14332K [0x00000006c0000000, 0x00000006c7980000, 0x000000076ab00000)
  object space 124416K, 11% used [0x00000006c0000000,0x00000006c0dff288,0x00000006c7980000)
 Metaspace       used 24264K, capacity 24661K, committed 25216K, reserved 1071104K
  class space    used 2431K, capacity 2563K, committed 2688K, reserved 1048576K
Event: 28.741 GC heap after
Heap after GC invocations=5 (full 1):
 PSYoungGen      total 92160K, used 10642K [0x000000076ab00000, 0x0000000771200000, 0x00000007c0000000)
  eden space 81408K, 0% used [0x000000076ab00000,0x000000076ab00000,0x000000076fa80000)
  from space 10752K, 98% used [0x0000000770780000,0x00000007711e4848,0x0000000771200000)
  to   space 10752K, 0% used [0x000000076fd00000,0x000000076fd00000,0x0000000770780000)
 ParOldGen       total 124416K, used 14340K [0x00000006c0000000, 0x00000006c7980000, 0x000000076ab00000)
  object space 124416K, 11% used [0x00000006c0000000,0x00000006c0e01288,0x00000006c7980000)
 Metaspace       used 24264K, capacity 24661K, committed 25216K, reserved 1071104K
  class space    used 2431K, capacity 2563K, committed 2688K, reserved 1048576K
}

