# JRE version: Java(TM) SE Runtime Environment (8.0_161-b12) (build 1.8.0_161-b12)
# Java VM: Java HotSpot(TM) 64-Bit Server VM (25.161-b12 mixed mode bsd-amd64 compressed oops)
Heap:
 PSYoungGen      total 76288K, used 15644K [0x000000076ab00000, 0x0000000771400000, 0x00000007c0000000)
  eden space 65536K, 7% used [0x000000076ab00000,0x000000076afcb0d8,0x000000076eb00000)
  from space 10752K, 99% used [0x000000076f580000,0x000000076fffbfc0,0x0000000770000000)
  to   space 10752K, 0% used [0x000000076eb00000,0x000000076eb00000,0x000000076f580000)
 ParOldGen       total 122368K, used 12734K [0x00000006c0000000, 0x00000006c7780000, 0x000000076ab00000)
  object space 122368K, 10% used [0x00000006c0000000,0x00000006c0c6f998,0x00000006c7780000)
 Metaspace       used 24029K, capacity 24421K, committed 24624K, reserved 1071104K
  class space    used 2442K, capacity 2593K, committed 2608K, reserved 1048576K
GC Heap History (6 events):
Event: 3.480 GC heap before
{Heap before GC invocations=1 (full 0):
 PSYoungGen      total 76288K, used 61245K [0x000000076ab00000, 0x0000000770000000, 0x00000007c0000000)
  eden space 65536K, 93% used [0x000000076ab00000,0x000000076e6cf520,0x000000076eb00000)
  from space 10752K, 0% used [0x000000076f580000,0x000000076f580000,0x0000000770000000)
  to   space 10752K, 0% used [0x000000076eb00000,0x000000076eb00000,0x000000076f580000)
 ParOldGen       total 175104K, used 0K [0x00000006c0000000, 0x00000006cab00000, 0x000000076ab00000)
  object space 175104K, 0% used [0x00000006c0000000,0x00000006c0000000,0x00000006cab00000)
 Metaspace       used 20744K, capacity 21167K, committed 21296K, reserved 1069056K
  class space    used 2172K, capacity 2326K, committed 2352K, reserved 1048576K
Event: 3.491 GC heap after
Heap after GC invocations=1 (full 0):
 PSYoungGen      total 76288K, used 9811K [0x000000076ab00000, 0x0000000770000000, 0x00000007c0000000)
  eden space 65536K, 0% used [0x000000076ab00000,0x000000076ab00000,0x000000076eb00000)
  from space 10752K, 91% used [0x000000076eb00000,0x000000076f494c68,0x000000076f580000)
  to   space 10752K, 0% used [0x000000076f580000,0x000000076f580000,0x0000000770000000)
 ParOldGen       total 175104K, used 24K [0x00000006c0000000, 0x00000006cab00000, 0x000000076ab00000)
  object space 175104K, 0% used [0x00000006c0000000,0x00000006c0006000,0x00000006cab00000)
 Metaspace       used 20744K, capacity 21167K, committed 21296K, reserved 1069056K
  class space    used 2172K, capacity 2326K, committed 2352K, reserved 1048576K
}
Event: 3.491 GC heap before
{Heap before GC invocations=2 (full 1):
 PSYoungGen      total 76288K, used 9811K [0x000000076ab00000, 0x0000000770000000, 0x00000007c0000000)
  eden space 65536K, 0% used [0x000000076ab00000,0x000000076ab00000,0x000000076eb00000)
  from space 10752K, 91% used [0x000000076eb00000,0x000000076f494c68,0x000000076f580000)
  to   space 10752K, 0% used [0x000000076f580000,0x000000076f580000,0x0000000770000000)
 ParOldGen       total 175104K, used 24K [0x00000006c0000000, 0x00000006cab00000, 0x000000076ab00000)
  object space 175104K, 0% used [0x00000006c0000000,0x00000006c0006000,0x00000006cab00000)
 Metaspace       used 20744K, capacity 21167K, committed 21296K, reserved 1069056K
  class space    used 2172K, capacity 2326K, committed 2352K, reserved 1048576K
Event: 3.520 GC heap after
Heap after GC invocations=2 (full 1):
 PSYoungGen      total 76288K, used 0K [0x000000076ab00000, 0x0000000770000000, 0x00000007c0000000)
  eden space 65536K, 0% used [0x000000076ab00000,0x000000076ab00000,0x000000076eb00000)
  from space 10752K, 0% used [0x000000076eb00000,0x000000076eb00000,0x000000076f580000)
  to   space 10752K, 0% used [0x000000076f580000,0x000000076f580000,0x0000000770000000)
 ParOldGen       total 122368K, used 9507K [0x00000006c0000000, 0x00000006c7780000, 0x000000076ab00000)
  object space 122368K, 7% used [0x00000006c0000000,0x00000006c0948d78,0x00000006c7780000)
 Metaspace       used 20744K, capacity 21167K, committed 21296K, reserved 1069056K
  class space    used 2172K, capacity 2326K, committed 2352K, reserved 1048576K
}
Event: 6.256 GC heap before
{Heap before GC invocations=3 (full 1):
 PSYoungGen      total 76288K, used 65536K [0x000000076ab00000, 0x0000000770000000, 0x00000007c0000000)
  eden space 65536K, 100% used [0x000000076ab00000,0x000000076eb00000,0x000000076eb00000)
  from space 10752K, 0% used [0x000000076eb00000,0x000000076eb00000,0x000000076f580000)
  to   space 10752K, 0% used [0x000000076f580000,0x000000076f580000,0x0000000770000000)
 ParOldGen       total 122368K, used 9507K [0x00000006c0000000, 0x00000006c7780000, 0x000000076ab00000)
  object space 122368K, 7% used [0x00000006c0000000,0x00000006c0948d78,0x00000006c7780000)
 Metaspace       used 23929K, capacity 24385K, committed 24624K, reserved 1071104K
  class space    used 2429K, capacity 2559K, committed 2608K, reserved 1048576K
Event: 6.268 GC heap after
Heap after GC invocations=3 (full 1):
 PSYoungGen      total 76288K, used 10735K [0x000000076ab00000, 0x0000000771400000, 0x00000007c0000000)
  eden space 65536K, 0% used [0x000000076ab00000,0x000000076ab00000,0x000000076eb00000)
  from space 10752K, 99% used [0x000000076f580000,0x000000076fffbfc0,0x0000000770000000)
  to   space 10752K, 0% used [0x000000076eb00000,0x000000076eb00000,0x000000076f580000)
 ParOldGen       total 122368K, used 12734K [0x00000006c0000000, 0x00000006c7780000, 0x000000076ab00000)
  object space 122368K, 10% used [0x00000006c0000000,0x00000006c0c6f998,0x00000006c7780000)
 Metaspace       used 23929K, capacity 24385K, committed 24624K, reserved 1071104K
  class space    used 2429K, capacity 2559K, committed 2608K, reserved 1048576K
}

