# JRE version: Java(TM) SE Runtime Environment (8.0_161-b12) (build 1.8.0_161-b12)
# Java VM: Java HotSpot(TM) 64-Bit Server VM (25.161-b12 mixed mode bsd-amd64 compressed oops)
Heap:
 PSYoungGen      total 96768K, used 52012K [0x000000076ab00000, 0x0000000771a00000, 0x00000007c0000000)
  eden space 82944K, 49% used [0x000000076ab00000,0x000000076d3673b0,0x000000076fc00000)
  from space 13824K, 76% used [0x0000000770c80000,0x00000007716e3f10,0x0000000771a00000)
  to   space 15360K, 0% used [0x000000076fc00000,0x000000076fc00000,0x0000000770b00000)
 ParOldGen       total 122368K, used 14559K [0x00000006c0000000, 0x00000006c7780000, 0x000000076ab00000)
  object space 122368K, 11% used [0x00000006c0000000,0x00000006c0e37fc8,0x00000006c7780000)
 Metaspace       used 24495K, capacity 24873K, committed 25136K, reserved 1071104K
  class space    used 2453K, capacity 2593K, committed 2608K, reserved 1048576K
GC Heap History (10 events):
Event: 10.323 GC heap before
{Heap before GC invocations=3 (full 1):
 PSYoungGen      total 76288K, used 65536K [0x000000076ab00000, 0x0000000770000000, 0x00000007c0000000)
  eden space 65536K, 100% used [0x000000076ab00000,0x000000076eb00000,0x000000076eb00000)
  from space 10752K, 0% used [0x000000076eb00000,0x000000076eb00000,0x000000076f580000)
  to   space 10752K, 0% used [0x000000076f580000,0x000000076f580000,0x0000000770000000)
 ParOldGen       total 122368K, used 9509K [0x00000006c0000000, 0x00000006c7780000, 0x000000076ab00000)
  object space 122368K, 7% used [0x00000006c0000000,0x00000006c09494c8,0x00000006c7780000)
 Metaspace       used 23981K, capacity 24421K, committed 24624K, reserved 1071104K
  class space    used 2441K, capacity 2591K, committed 2608K, reserved 1048576K
Event: 10.350 GC heap after
Heap after GC invocations=3 (full 1):
 PSYoungGen      total 76288K, used 10751K [0x000000076ab00000, 0x0000000771c80000, 0x00000007c0000000)
  eden space 65536K, 0% used [0x000000076ab00000,0x000000076ab00000,0x000000076eb00000)
  from space 10752K, 99% used [0x000000076f580000,0x000000076fffff40,0x0000000770000000)
  to   space 10752K, 0% used [0x000000076eb00000,0x000000076eb00000,0x000000076f580000)
 ParOldGen       total 122368K, used 14535K [0x00000006c0000000, 0x00000006c7780000, 0x000000076ab00000)
  object space 122368K, 11% used [0x00000006c0000000,0x00000006c0e31fc8,0x00000006c7780000)
 Metaspace       used 23981K, capacity 24421K, committed 24624K, reserved 1071104K
  class space    used 2441K, capacity 2591K, committed 2608K, reserved 1048576K
}
Event: 26.268 GC heap before
{Heap before GC invocations=4 (full 1):
 PSYoungGen      total 76288K, used 76287K [0x000000076ab00000, 0x0000000771c80000, 0x00000007c0000000)
  eden space 65536K, 100% used [0x000000076ab00000,0x000000076eb00000,0x000000076eb00000)
  from space 10752K, 99% used [0x000000076f580000,0x000000076fffff40,0x0000000770000000)
  to   space 10752K, 0% used [0x000000076eb00000,0x000000076eb00000,0x000000076f580000)
 ParOldGen       total 122368K, used 14535K [0x00000006c0000000, 0x00000006c7780000, 0x000000076ab00000)
  object space 122368K, 11% used [0x00000006c0000000,0x00000006c0e31fc8,0x00000006c7780000)
 Metaspace       used 24432K, capacity 24869K, committed 25136K, reserved 1071104K
  class space    used 2441K, capacity 2591K, committed 2608K, reserved 1048576K
Event: 26.276 GC heap after
Heap after GC invocations=4 (full 1):
 PSYoungGen      total 76288K, used 10655K [0x000000076ab00000, 0x0000000771700000, 0x00000007c0000000)
  eden space 65536K, 0% used [0x000000076ab00000,0x000000076ab00000,0x000000076eb00000)
  from space 10752K, 99% used [0x000000076eb00000,0x000000076f567f20,0x000000076f580000)
  to   space 10752K, 0% used [0x0000000770c80000,0x0000000770c80000,0x0000000771700000)
 ParOldGen       total 122368K, used 14543K [0x00000006c0000000, 0x00000006c7780000, 0x000000076ab00000)
  object space 122368K, 11% used [0x00000006c0000000,0x00000006c0e33fc8,0x00000006c7780000)
 Metaspace       used 24432K, capacity 24869K, committed 25136K, reserved 1071104K
  class space    used 2441K, capacity 2591K, committed 2608K, reserved 1048576K
}
Event: 43.648 GC heap before
{Heap before GC invocations=5 (full 1):
 PSYoungGen      total 76288K, used 76191K [0x000000076ab00000, 0x0000000771700000, 0x00000007c0000000)
  eden space 65536K, 100% used [0x000000076ab00000,0x000000076eb00000,0x000000076eb00000)
  from space 10752K, 99% used [0x000000076eb00000,0x000000076f567f20,0x000000076f580000)
  to   space 10752K, 0% used [0x0000000770c80000,0x0000000770c80000,0x0000000771700000)
 ParOldGen       total 122368K, used 14543K [0x00000006c0000000, 0x00000006c7780000, 0x000000076ab00000)
  object space 122368K, 11% used [0x00000006c0000000,0x00000006c0e33fc8,0x00000006c7780000)
 Metaspace       used 24434K, capacity 24869K, committed 25136K, reserved 1071104K
  class space    used 2441K, capacity 2591K, committed 2608K, reserved 1048576K
Event: 43.663 GC heap after
Heap after GC invocations=5 (full 1):
 PSYoungGen      total 96768K, used 10639K [0x000000076ab00000, 0x0000000771700000, 0x00000007c0000000)
  eden space 86016K, 0% used [0x000000076ab00000,0x000000076ab00000,0x000000076ff00000)
  from space 10752K, 98% used [0x0000000770c80000,0x00000007716e3f30,0x0000000771700000)
  to   space 10752K, 0% used [0x0000000770200000,0x0000000770200000,0x0000000770c80000)
 ParOldGen       total 122368K, used 14551K [0x00000006c0000000, 0x00000006c7780000, 0x000000076ab00000)
  object space 122368K, 11% used [0x00000006c0000000,0x00000006c0e35fc8,0x00000006c7780000)
 Metaspace       used 24434K, capacity 24869K, committed 25136K, reserved 1071104K
  class space    used 2441K, capacity 2591K, committed 2608K, reserved 1048576K
}
Event: 69.758 GC heap before
{Heap before GC invocations=6 (full 1):
 PSYoungGen      total 96768K, used 96655K [0x000000076ab00000, 0x0000000771700000, 0x00000007c0000000)
  eden space 86016K, 100% used [0x000000076ab00000,0x000000076ff00000,0x000000076ff00000)
  from space 10752K, 98% used [0x0000000770c80000,0x00000007716e3f30,0x0000000771700000)
  to   space 10752K, 0% used [0x0000000770200000,0x0000000770200000,0x0000000770c80000)
 ParOldGen       total 122368K, used 14551K [0x00000006c0000000, 0x00000006c7780000, 0x000000076ab00000)
  object space 122368K, 11% used [0x00000006c0000000,0x00000006c0e35fc8,0x00000006c7780000)
 Metaspace       used 24434K, capacity 24869K, committed 25136K, reserved 1071104K
  class space    used 2441K, capacity 2591K, committed 2608K, reserved 1048576K
Event: 69.774 GC heap after
Heap after GC invocations=6 (full 1):
 PSYoungGen      total 95232K, used 10687K [0x000000076ab00000, 0x0000000771b80000, 0x00000007c0000000)
  eden space 84480K, 0% used [0x000000076ab00000,0x000000076ab00000,0x000000076fd80000)
  from space 10752K, 99% used [0x0000000770200000,0x0000000770c6ff20,0x0000000770c80000)
  to   space 15360K, 0% used [0x0000000770c80000,0x0000000770c80000,0x0000000771b80000)
 ParOldGen       total 122368K, used 14559K [0x00000006c0000000, 0x00000006c7780000, 0x000000076ab00000)
  object space 122368K, 11% used [0x00000006c0000000,0x00000006c0e37fc8,0x00000006c7780000)
 Metaspace       used 24434K, capacity 24869K, committed 25136K, reserved 1071104K
  class space    used 2441K, capacity 2591K, committed 2608K, reserved 1048576K
}
Event: 97.510 GC heap before
{Heap before GC invocations=7 (full 1):
 PSYoungGen      total 95232K, used 95167K [0x000000076ab00000, 0x0000000771b80000, 0x00000007c0000000)
  eden space 84480K, 100% used [0x000000076ab00000,0x000000076fd80000,0x000000076fd80000)
  from space 10752K, 99% used [0x0000000770200000,0x0000000770c6ff20,0x0000000770c80000)
  to   space 15360K, 0% used [0x0000000770c80000,0x0000000770c80000,0x0000000771b80000)
 ParOldGen       total 122368K, used 14559K [0x00000006c0000000, 0x00000006c7780000, 0x000000076ab00000)
  object space 122368K, 11% used [0x00000006c0000000,0x00000006c0e37fc8,0x00000006c7780000)
 Metaspace       used 24434K, capacity 24869K, committed 25136K, reserved 1071104K
  class space    used 2441K, capacity 2591K, committed 2608K, reserved 1048576K
Event: 97.521 GC heap after
Heap after GC invocations=7 (full 1):
 PSYoungGen      total 96768K, used 10639K [0x000000076ab00000, 0x0000000771a00000, 0x00000007c0000000)
  eden space 82944K, 0% used [0x000000076ab00000,0x000000076ab00000,0x000000076fc00000)
  from space 13824K, 76% used [0x0000000770c80000,0x00000007716e3f10,0x0000000771a00000)
  to   space 15360K, 0% used [0x000000076fc00000,0x000000076fc00000,0x0000000770b00000)
 ParOldGen       total 122368K, used 14559K [0x00000006c0000000, 0x00000006c7780000, 0x000000076ab00000)
  object space 122368K, 11% used [0x00000006c0000000,0x00000006c0e37fc8,0x00000006c7780000)
 Metaspace       used 24434K, capacity 24869K, committed 25136K, reserved 1071104K
  class space    used 2441K, capacity 2591K, committed 2608K, reserved 1048576K
}

